<?xml version="1.0" encoding="utf-8"?>
<test-run id="2" testcasecount="766" result="Skipped:Ignored" total="766" passed="749" failed="0" inconclusive="0" skipped="17" asserts="0" engine-version="3.5.0.0" clr-version="4.0.30319.42000" start-time="2020-07-30 17:12:10Z" end-time="2020-07-30 17:16:10Z" duration="240.714851">
  <test-suite type="TestSuite" id="1908" name="Mirror" fullname="Mirror" runstate="Runnable" testcasecount="772" result="Skipped" label="Ignored" start-time="2020-07-30 17:12:10Z" end-time="2020-07-30 17:16:10Z" duration="240.714851" total="766" passed="749" failed="0" inconclusive="0" skipped="17" asserts="0">
    <properties />
    <reason>
      <message><![CDATA[One or more child tests were ignored]]></message>
    </reason>
    <test-suite type="Assembly" id="2801" name="Mirror.Tests.dll" fullname="/Users/qwerty/x/dev/project_Mirror/Repository/Library/ScriptAssemblies/Mirror.Tests.dll" runstate="Runnable" testcasecount="766" result="Skipped" label="Ignored" start-time="2020-07-30 17:12:10Z" end-time="2020-07-30 17:16:10Z" duration="239.898686" total="766" passed="749" failed="0" inconclusive="0" skipped="17" asserts="0">
      <properties>
        <property name="_PID" value="33767" />
        <property name="_APPDOMAIN" value="Unity Child Domain" />
      </properties>
      <reason>
        <message><![CDATA[One or more child tests were ignored]]></message>
      </reason>
      <test-suite type="TestSuite" id="2804" name="Mirror" fullname="Mirror" runstate="Runnable" testcasecount="749" result="Passed" start-time="2020-07-30 17:12:10Z" end-time="2020-07-30 17:16:09Z" duration="239.075675" total="749" passed="749" failed="0" inconclusive="0" skipped="0" asserts="0">
        <properties />
        <test-suite type="TestSuite" id="2807" name="Tests" fullname="Mirror.Tests" runstate="Runnable" testcasecount="572" result="Passed" start-time="2020-07-30 17:12:10Z" end-time="2020-07-30 17:13:42Z" duration="92.052314" total="572" passed="572" failed="0" inconclusive="0" skipped="0" asserts="0">
          <properties />
          <test-suite type="TestFixture" id="2134" name="ArraySegmentWriterTest" fullname="Mirror.Tests.ArraySegmentWriterTest" classname="Mirror.Tests.ArraySegmentWriterTest" runstate="Runnable" testcasecount="6" result="Passed" start-time="2020-07-30 17:12:10Z" end-time="2020-07-30 17:12:10Z" duration="0.072161" total="6" passed="6" failed="0" inconclusive="0" skipped="0" asserts="0">
            <properties />
            <test-case id="2135" name="TestEmptyByteArray" fullname="Mirror.Tests.ArraySegmentWriterTest.TestEmptyByteArray" methodname="TestEmptyByteArray" classname="Mirror.Tests.ArraySegmentWriterTest" runstate="Runnable" seed="407156245" result="Passed" start-time="2020-07-30 17:12:10Z" end-time="2020-07-30 17:12:10Z" duration="0.032569" asserts="0">
              <properties />
            </test-case>
            <test-case id="2138" name="TestEmptyIntArray" fullname="Mirror.Tests.ArraySegmentWriterTest.TestEmptyIntArray" methodname="TestEmptyIntArray" classname="Mirror.Tests.ArraySegmentWriterTest" runstate="Runnable" seed="513398685" result="Passed" start-time="2020-07-30 17:12:10Z" end-time="2020-07-30 17:12:10Z" duration="0.001849" asserts="0">
              <properties />
            </test-case>
            <test-case id="2136" name="TestNullByteArray" fullname="Mirror.Tests.ArraySegmentWriterTest.TestNullByteArray" methodname="TestNullByteArray" classname="Mirror.Tests.ArraySegmentWriterTest" runstate="Runnable" seed="752972449" result="Passed" start-time="2020-07-30 17:12:10Z" end-time="2020-07-30 17:12:10Z" duration="0.000897" asserts="0">
              <properties />
            </test-case>
            <test-case id="2139" name="TestNullIntArray" fullname="Mirror.Tests.ArraySegmentWriterTest.TestNullIntArray" methodname="TestNullIntArray" classname="Mirror.Tests.ArraySegmentWriterTest" runstate="Runnable" seed="506464371" result="Passed" start-time="2020-07-30 17:12:10Z" end-time="2020-07-30 17:12:10Z" duration="0.000715" asserts="0">
              <properties />
            </test-case>
            <test-case id="2137" name="TestSegmentByteArray" fullname="Mirror.Tests.ArraySegmentWriterTest.TestSegmentByteArray" methodname="TestSegmentByteArray" classname="Mirror.Tests.ArraySegmentWriterTest" runstate="Runnable" seed="117986930" result="Passed" start-time="2020-07-30 17:12:10Z" end-time="2020-07-30 17:12:10Z" duration="0.003364" asserts="0">
              <properties />
            </test-case>
            <test-case id="2140" name="TestSegmentIntArray" fullname="Mirror.Tests.ArraySegmentWriterTest.TestSegmentIntArray" methodname="TestSegmentIntArray" classname="Mirror.Tests.ArraySegmentWriterTest" runstate="Runnable" seed="92255166" result="Passed" start-time="2020-07-30 17:12:10Z" end-time="2020-07-30 17:12:10Z" duration="0.001765" asserts="0">
              <properties />
            </test-case>
          </test-suite>
          <test-suite type="TestFixture" id="2141" name="ArrayWriterTest" fullname="Mirror.Tests.ArrayWriterTest" classname="Mirror.Tests.ArrayWriterTest" runstate="Runnable" testcasecount="6" result="Passed" start-time="2020-07-30 17:12:10Z" end-time="2020-07-30 17:12:10Z" duration="0.049354" total="6" passed="6" failed="0" inconclusive="0" skipped="0" asserts="0">
            <properties />
            <test-case id="2144" name="TestDataByteArray" fullname="Mirror.Tests.ArrayWriterTest.TestDataByteArray" methodname="TestDataByteArray" classname="Mirror.Tests.ArrayWriterTest" runstate="Runnable" seed="2084927632" result="Passed" start-time="2020-07-30 17:12:10Z" end-time="2020-07-30 17:12:10Z" duration="0.003352" asserts="0">
              <properties />
            </test-case>
            <test-case id="2147" name="TestDataIntArray" fullname="Mirror.Tests.ArrayWriterTest.TestDataIntArray" methodname="TestDataIntArray" classname="Mirror.Tests.ArrayWriterTest" runstate="Runnable" seed="1553555295" result="Passed" start-time="2020-07-30 17:12:10Z" end-time="2020-07-30 17:12:10Z" duration="0.001636" asserts="0">
              <properties />
            </test-case>
            <test-case id="2143" name="TestEmptyByteArray" fullname="Mirror.Tests.ArrayWriterTest.TestEmptyByteArray" methodname="TestEmptyByteArray" classname="Mirror.Tests.ArrayWriterTest" runstate="Runnable" seed="1467448515" result="Passed" start-time="2020-07-30 17:12:10Z" end-time="2020-07-30 17:12:10Z" duration="0.000731" asserts="0">
              <properties />
            </test-case>
            <test-case id="2146" name="TestEmptyIntArray" fullname="Mirror.Tests.ArrayWriterTest.TestEmptyIntArray" methodname="TestEmptyIntArray" classname="Mirror.Tests.ArrayWriterTest" runstate="Runnable" seed="51658515" result="Passed" start-time="2020-07-30 17:12:10Z" end-time="2020-07-30 17:12:10Z" duration="0.000556" asserts="0">
              <properties />
            </test-case>
            <test-case id="2142" name="TestNullByterray" fullname="Mirror.Tests.ArrayWriterTest.TestNullByterray" methodname="TestNullByterray" classname="Mirror.Tests.ArrayWriterTest" runstate="Runnable" seed="1647937695" result="Passed" start-time="2020-07-30 17:12:10Z" end-time="2020-07-30 17:12:10Z" duration="0.000514" asserts="0">
              <properties />
            </test-case>
            <test-case id="2145" name="TestNullIntArray" fullname="Mirror.Tests.ArrayWriterTest.TestNullIntArray" methodname="TestNullIntArray" classname="Mirror.Tests.ArrayWriterTest" runstate="Runnable" seed="303487744" result="Passed" start-time="2020-07-30 17:12:10Z" end-time="2020-07-30 17:12:10Z" duration="0.000538" asserts="0">
              <properties />
            </test-case>
          </test-suite>
          <test-suite type="TestFixture" id="2148" name="BasicAuthenticatorTest" fullname="Mirror.Tests.BasicAuthenticatorTest" classname="Mirror.Tests.BasicAuthenticatorTest" runstate="Runnable" testcasecount="2" result="Passed" start-time="2020-07-30 17:12:10Z" end-time="2020-07-30 17:12:10Z" duration="0.013291" total="2" passed="2" failed="0" inconclusive="0" skipped="0" asserts="0">
            <properties />
            <test-case id="2149" name="AuthRequestMessageTest" fullname="Mirror.Tests.BasicAuthenticatorTest.AuthRequestMessageTest" methodname="AuthRequestMessageTest" classname="Mirror.Tests.BasicAuthenticatorTest" runstate="Runnable" seed="980946476" result="Passed" start-time="2020-07-30 17:12:10Z" end-time="2020-07-30 17:12:10Z" duration="0.001805" asserts="0">
              <properties />
            </test-case>
            <test-case id="2150" name="AuthResponseMessageTest" fullname="Mirror.Tests.BasicAuthenticatorTest.AuthResponseMessageTest" methodname="AuthResponseMessageTest" classname="Mirror.Tests.BasicAuthenticatorTest" runstate="Runnable" seed="1268532851" result="Passed" start-time="2020-07-30 17:12:10Z" end-time="2020-07-30 17:12:10Z" duration="0.001108" asserts="0">
              <properties />
            </test-case>
          </test-suite>
          <test-suite type="TestSuite" id="2812" name="ClientSceneTests" fullname="Mirror.Tests.ClientSceneTests" runstate="Runnable" testcasecount="91" result="Passed" start-time="2020-07-30 17:12:10Z" end-time="2020-07-30 17:12:24Z" duration="14.094271" total="91" passed="91" failed="0" inconclusive="0" skipped="0" asserts="0">
            <properties />
            <test-suite type="TestFixture" id="2648" name="ClientSceneTests_ClearSpawners" fullname="Mirror.Tests.ClientSceneTests.ClientSceneTests_ClearSpawners" classname="Mirror.Tests.ClientSceneTests.ClientSceneTests_ClearSpawners" runstate="Runnable" testcasecount="4" result="Passed" start-time="2020-07-30 17:12:10Z" end-time="2020-07-30 17:12:10Z" duration="0.081046" total="4" passed="4" failed="0" inconclusive="0" skipped="0" asserts="0">
              <properties />
              <test-case id="2652" name="ClearsAllDictionary" fullname="Mirror.Tests.ClientSceneTests.ClientSceneTests_ClearSpawners.ClearsAllDictionary" methodname="ClearsAllDictionary" classname="Mirror.Tests.ClientSceneTests.ClientSceneTests_ClearSpawners" runstate="Runnable" seed="1388988057" result="Passed" start-time="2020-07-30 17:12:10Z" end-time="2020-07-30 17:12:10Z" duration="0.022310" asserts="0">
                <properties />
              </test-case>
              <test-case id="2649" name="RemovesAllPrefabsFromDictionary" fullname="Mirror.Tests.ClientSceneTests.ClientSceneTests_ClearSpawners.RemovesAllPrefabsFromDictionary" methodname="RemovesAllPrefabsFromDictionary" classname="Mirror.Tests.ClientSceneTests.ClientSceneTests_ClearSpawners" runstate="Runnable" seed="1696261919" result="Passed" start-time="2020-07-30 17:12:10Z" end-time="2020-07-30 17:12:10Z" duration="0.010619" asserts="0">
                <properties />
              </test-case>
              <test-case id="2650" name="RemovesAllSpawnHandlersFromDictionary" fullname="Mirror.Tests.ClientSceneTests.ClientSceneTests_ClearSpawners.RemovesAllSpawnHandlersFromDictionary" methodname="RemovesAllSpawnHandlersFromDictionary" classname="Mirror.Tests.ClientSceneTests.ClientSceneTests_ClearSpawners" runstate="Runnable" seed="717487241" result="Passed" start-time="2020-07-30 17:12:10Z" end-time="2020-07-30 17:12:10Z" duration="0.019062" asserts="0">
                <properties />
              </test-case>
              <test-case id="2651" name="RemovesAllUnspawnHandlersFromDictionary" fullname="Mirror.Tests.ClientSceneTests.ClientSceneTests_ClearSpawners.RemovesAllUnspawnHandlersFromDictionary" methodname="RemovesAllUnspawnHandlersFromDictionary" classname="Mirror.Tests.ClientSceneTests.ClientSceneTests_ClearSpawners" runstate="Runnable" seed="1252545298" result="Passed" start-time="2020-07-30 17:12:10Z" end-time="2020-07-30 17:12:10Z" duration="0.014680" asserts="0">
                <properties />
              </test-case>
            </test-suite>
            <test-suite type="TestFixture" id="2653" name="ClientSceneTests_GetPrefab" fullname="Mirror.Tests.ClientSceneTests.ClientSceneTests_GetPrefab" classname="Mirror.Tests.ClientSceneTests.ClientSceneTests_GetPrefab" runstate="Runnable" testcasecount="5" result="Passed" start-time="2020-07-30 17:12:10Z" end-time="2020-07-30 17:12:10Z" duration="0.088652" total="5" passed="5" failed="0" inconclusive="0" skipped="0" asserts="0">
              <properties />
              <test-case id="2658" name="HasOutPrefabWithCorrectGuid" fullname="Mirror.Tests.ClientSceneTests.ClientSceneTests_GetPrefab.HasOutPrefabWithCorrectGuid" methodname="HasOutPrefabWithCorrectGuid" classname="Mirror.Tests.ClientSceneTests.ClientSceneTests_GetPrefab" runstate="Runnable" seed="764935605" result="Passed" start-time="2020-07-30 17:12:10Z" end-time="2020-07-30 17:12:10Z" duration="0.011740" asserts="0">
                <properties />
              </test-case>
              <test-case id="2654" name="ReturnsFalseForEmptyGuid" fullname="Mirror.Tests.ClientSceneTests.ClientSceneTests_GetPrefab.ReturnsFalseForEmptyGuid" methodname="ReturnsFalseForEmptyGuid" classname="Mirror.Tests.ClientSceneTests.ClientSceneTests_GetPrefab" runstate="Runnable" seed="1534740988" result="Passed" start-time="2020-07-30 17:12:10Z" end-time="2020-07-30 17:12:10Z" duration="0.019143" asserts="0">
                <properties />
              </test-case>
              <test-case id="2656" name="ReturnsFalseForPrefabIsNull" fullname="Mirror.Tests.ClientSceneTests.ClientSceneTests_GetPrefab.ReturnsFalseForPrefabIsNull" methodname="ReturnsFalseForPrefabIsNull" classname="Mirror.Tests.ClientSceneTests.ClientSceneTests_GetPrefab" runstate="Runnable" seed="817186502" result="Passed" start-time="2020-07-30 17:12:10Z" end-time="2020-07-30 17:12:10Z" duration="0.010684" asserts="0">
                <properties />
              </test-case>
              <test-case id="2655" name="ReturnsFalseForPrefabNotFound" fullname="Mirror.Tests.ClientSceneTests.ClientSceneTests_GetPrefab.ReturnsFalseForPrefabNotFound" methodname="ReturnsFalseForPrefabNotFound" classname="Mirror.Tests.ClientSceneTests.ClientSceneTests_GetPrefab" runstate="Runnable" seed="2076344733" result="Passed" start-time="2020-07-30 17:12:10Z" end-time="2020-07-30 17:12:10Z" duration="0.019237" asserts="0">
                <properties />
              </test-case>
              <test-case id="2657" name="ReturnsTrueWhenPrefabIsFound" fullname="Mirror.Tests.ClientSceneTests.ClientSceneTests_GetPrefab.ReturnsTrueWhenPrefabIsFound" methodname="ReturnsTrueWhenPrefabIsFound" classname="Mirror.Tests.ClientSceneTests.ClientSceneTests_GetPrefab" runstate="Runnable" seed="1614796521" result="Passed" start-time="2020-07-30 17:12:10Z" end-time="2020-07-30 17:12:10Z" duration="0.015156" asserts="0">
                <properties />
              </test-case>
            </test-suite>
            <test-suite type="TestFixture" id="2659" name="ClientSceneTests_PrepareToSpawnSceneObjects" fullname="Mirror.Tests.ClientSceneTests.ClientSceneTests_PrepareToSpawnSceneObjects" classname="Mirror.Tests.ClientSceneTests.ClientSceneTests_PrepareToSpawnSceneObjects" runstate="Runnable" testcasecount="5" result="Passed" start-time="2020-07-30 17:12:10Z" end-time="2020-07-30 17:12:10Z" duration="0.163346" total="5" passed="5" failed="0" inconclusive="0" skipped="0" asserts="0">
              <properties />
              <test-case id="2660" name="AddsAllInactiveIdentitiesInSceneWithSceneIdToDictionary" fullname="Mirror.Tests.ClientSceneTests.ClientSceneTests_PrepareToSpawnSceneObjects.AddsAllInactiveIdentitiesInSceneWithSceneIdToDictionary" methodname="AddsAllInactiveIdentitiesInSceneWithSceneIdToDictionary" classname="Mirror.Tests.ClientSceneTests.ClientSceneTests_PrepareToSpawnSceneObjects" runstate="Runnable" seed="554796163" result="Passed" start-time="2020-07-30 17:12:10Z" end-time="2020-07-30 17:12:10Z" duration="0.027164" asserts="0">
                <properties />
              </test-case>
              <test-case id="2663" name="AddsIdentitiesToDictionaryUsingSceneId" fullname="Mirror.Tests.ClientSceneTests.ClientSceneTests_PrepareToSpawnSceneObjects.AddsIdentitiesToDictionaryUsingSceneId" methodname="AddsIdentitiesToDictionaryUsingSceneId" classname="Mirror.Tests.ClientSceneTests.ClientSceneTests_PrepareToSpawnSceneObjects" runstate="Runnable" seed="408149296" result="Passed" start-time="2020-07-30 17:12:10Z" end-time="2020-07-30 17:12:10Z" duration="0.026572" asserts="0">
                <properties />
              </test-case>
              <test-case id="2664" name="ClearsExistingItemsFromDictionary" fullname="Mirror.Tests.ClientSceneTests.ClientSceneTests_PrepareToSpawnSceneObjects.ClearsExistingItemsFromDictionary" methodname="ClearsExistingItemsFromDictionary" classname="Mirror.Tests.ClientSceneTests.ClientSceneTests_PrepareToSpawnSceneObjects" runstate="Runnable" seed="220634262" result="Passed" start-time="2020-07-30 17:12:10Z" end-time="2020-07-30 17:12:10Z" duration="0.030695" asserts="0">
                <properties />
              </test-case>
              <test-case id="2661" name="DoesNotAddActiveObjectsToDictionary" fullname="Mirror.Tests.ClientSceneTests.ClientSceneTests_PrepareToSpawnSceneObjects.DoesNotAddActiveObjectsToDictionary" methodname="DoesNotAddActiveObjectsToDictionary" classname="Mirror.Tests.ClientSceneTests.ClientSceneTests_PrepareToSpawnSceneObjects" runstate="Runnable" seed="1692581265" result="Passed" start-time="2020-07-30 17:12:10Z" end-time="2020-07-30 17:12:10Z" duration="0.034880" asserts="0">
                <properties />
              </test-case>
              <test-case id="2662" name="DoesNotAddObjectsWithNoSceneId" fullname="Mirror.Tests.ClientSceneTests.ClientSceneTests_PrepareToSpawnSceneObjects.DoesNotAddObjectsWithNoSceneId" methodname="DoesNotAddObjectsWithNoSceneId" classname="Mirror.Tests.ClientSceneTests.ClientSceneTests_PrepareToSpawnSceneObjects" runstate="Runnable" seed="1107360211" result="Passed" start-time="2020-07-30 17:12:10Z" end-time="2020-07-30 17:12:10Z" duration="0.030862" asserts="0">
                <properties />
              </test-case>
            </test-suite>
            <test-suite type="TestFixture" id="2665" name="ClientSceneTests_RegisterPrefab" fullname="Mirror.Tests.ClientSceneTests.ClientSceneTests_RegisterPrefab" classname="Mirror.Tests.ClientSceneTests.ClientSceneTests_RegisterPrefab" runstate="Runnable" testcasecount="54" result="Passed" start-time="2020-07-30 17:12:10Z" end-time="2020-07-30 17:12:19Z" duration="8.838491" total="54" passed="54" failed="0" inconclusive="0" skipped="0" asserts="0">
              <properties />
              <test-suite type="ParameterizedMethod" id="2733" name="CheckOverloadWithAssetId" fullname="Mirror.Tests.ClientSceneTests.ClientSceneTests_RegisterPrefab.CheckOverloadWithAssetId" classname="Mirror.Tests.ClientSceneTests_RegisterPrefabBase" runstate="Runnable" testcasecount="6" result="Passed" start-time="2020-07-30 17:12:10Z" end-time="2020-07-30 17:12:10Z" duration="0.103852" total="6" passed="6" failed="0" inconclusive="0" skipped="0" asserts="0">
                <properties />
                <test-case id="2727" name="CheckOverloadWithAssetId(Prefab,False)" fullname="Mirror.Tests.ClientSceneTests.ClientSceneTests_RegisterPrefab.CheckOverloadWithAssetId(Prefab,False)" methodname="CheckOverloadWithAssetId" classname="Mirror.Tests.ClientSceneTests_RegisterPrefabBase" runstate="Runnable" seed="576545232" result="Passed" start-time="2020-07-30 17:12:10Z" end-time="2020-07-30 17:12:10Z" duration="0.012078" asserts="0">
                  <properties />
                </test-case>
                <test-case id="2728" name="CheckOverloadWithAssetId(Prefab_NewAssetId,True)" fullname="Mirror.Tests.ClientSceneTests.ClientSceneTests_RegisterPrefab.CheckOverloadWithAssetId(Prefab_NewAssetId,True)" methodname="CheckOverloadWithAssetId" classname="Mirror.Tests.ClientSceneTests_RegisterPrefabBase" runstate="Runnable" seed="1358733590" result="Passed" start-time="2020-07-30 17:12:10Z" end-time="2020-07-30 17:12:10Z" duration="0.018773" asserts="0">
                  <properties />
                </test-case>
                <test-case id="2729" name="CheckOverloadWithAssetId(Prefab_SpawnDelegate,False)" fullname="Mirror.Tests.ClientSceneTests.ClientSceneTests_RegisterPrefab.CheckOverloadWithAssetId(Prefab_SpawnDelegate,False)" methodname="CheckOverloadWithAssetId" classname="Mirror.Tests.ClientSceneTests_RegisterPrefabBase" runstate="Runnable" seed="2127665487" result="Passed" start-time="2020-07-30 17:12:10Z" end-time="2020-07-30 17:12:10Z" duration="0.014457" asserts="0">
                  <properties />
                </test-case>
                <test-case id="2730" name="CheckOverloadWithAssetId(Prefab_SpawnDelegate_NewAssetId,True)" fullname="Mirror.Tests.ClientSceneTests.ClientSceneTests_RegisterPrefab.CheckOverloadWithAssetId(Prefab_SpawnDelegate_NewAssetId,True)" methodname="CheckOverloadWithAssetId" classname="Mirror.Tests.ClientSceneTests_RegisterPrefabBase" runstate="Runnable" seed="1437709524" result="Passed" start-time="2020-07-30 17:12:10Z" end-time="2020-07-30 17:12:10Z" duration="0.014770" asserts="0">
                  <properties />
                </test-case>
                <test-case id="2731" name="CheckOverloadWithAssetId(Prefab_SpawnHandlerDelegate,False)" fullname="Mirror.Tests.ClientSceneTests.ClientSceneTests_RegisterPrefab.CheckOverloadWithAssetId(Prefab_SpawnHandlerDelegate,False)" methodname="CheckOverloadWithAssetId" classname="Mirror.Tests.ClientSceneTests_RegisterPrefabBase" runstate="Runnable" seed="1989859712" result="Passed" start-time="2020-07-30 17:12:10Z" end-time="2020-07-30 17:12:10Z" duration="0.014767" asserts="0">
                  <properties />
                </test-case>
                <test-case id="2732" name="CheckOverloadWithAssetId(Prefab_SpawnHandlerDelegate_NewAssetId,True)" fullname="Mirror.Tests.ClientSceneTests.ClientSceneTests_RegisterPrefab.CheckOverloadWithAssetId(Prefab_SpawnHandlerDelegate_NewAssetId,True)" methodname="CheckOverloadWithAssetId" classname="Mirror.Tests.ClientSceneTests_RegisterPrefabBase" runstate="Runnable" seed="1426003896" result="Passed" start-time="2020-07-30 17:12:10Z" end-time="2020-07-30 17:12:10Z" duration="0.014699" asserts="0">
                  <properties />
                </test-case>
              </test-suite>
              <test-suite type="ParameterizedMethod" id="2740" name="CheckOverloadWithHandler" fullname="Mirror.Tests.ClientSceneTests.ClientSceneTests_RegisterPrefab.CheckOverloadWithHandler" classname="Mirror.Tests.ClientSceneTests_RegisterPrefabBase" runstate="Runnable" testcasecount="6" result="Passed" start-time="2020-07-30 17:12:10Z" end-time="2020-07-30 17:12:11Z" duration="0.110259" total="6" passed="6" failed="0" inconclusive="0" skipped="0" asserts="0">
                <properties />
                <test-case id="2734" name="CheckOverloadWithHandler(Prefab,False)" fullname="Mirror.Tests.ClientSceneTests.ClientSceneTests_RegisterPrefab.CheckOverloadWithHandler(Prefab,False)" methodname="CheckOverloadWithHandler" classname="Mirror.Tests.ClientSceneTests_RegisterPrefabBase" runstate="Runnable" seed="1537619363" result="Passed" start-time="2020-07-30 17:12:10Z" end-time="2020-07-30 17:12:10Z" duration="0.007914" asserts="0">
                  <properties />
                </test-case>
                <test-case id="2735" name="CheckOverloadWithHandler(Prefab_NewAssetId,False)" fullname="Mirror.Tests.ClientSceneTests.ClientSceneTests_RegisterPrefab.CheckOverloadWithHandler(Prefab_NewAssetId,False)" methodname="CheckOverloadWithHandler" classname="Mirror.Tests.ClientSceneTests_RegisterPrefabBase" runstate="Runnable" seed="329500804" result="Passed" start-time="2020-07-30 17:12:10Z" end-time="2020-07-30 17:12:10Z" duration="0.027147" asserts="0">
                  <properties />
                </test-case>
                <test-case id="2736" name="CheckOverloadWithHandler(Prefab_SpawnDelegate,True)" fullname="Mirror.Tests.ClientSceneTests.ClientSceneTests_RegisterPrefab.CheckOverloadWithHandler(Prefab_SpawnDelegate,True)" methodname="CheckOverloadWithHandler" classname="Mirror.Tests.ClientSceneTests_RegisterPrefabBase" runstate="Runnable" seed="474457820" result="Passed" start-time="2020-07-30 17:12:10Z" end-time="2020-07-30 17:12:10Z" duration="0.014724" asserts="0">
                  <properties />
                </test-case>
                <test-case id="2737" name="CheckOverloadWithHandler(Prefab_SpawnDelegate_NewAssetId,True)" fullname="Mirror.Tests.ClientSceneTests.ClientSceneTests_RegisterPrefab.CheckOverloadWithHandler(Prefab_SpawnDelegate_NewAssetId,True)" methodname="CheckOverloadWithHandler" classname="Mirror.Tests.ClientSceneTests_RegisterPrefabBase" runstate="Runnable" seed="1045904264" result="Passed" start-time="2020-07-30 17:12:10Z" end-time="2020-07-30 17:12:10Z" duration="0.018848" asserts="0">
                  <properties />
                </test-case>
                <test-case id="2738" name="CheckOverloadWithHandler(Prefab_SpawnHandlerDelegate,True)" fullname="Mirror.Tests.ClientSceneTests.ClientSceneTests_RegisterPrefab.CheckOverloadWithHandler(Prefab_SpawnHandlerDelegate,True)" methodname="CheckOverloadWithHandler" classname="Mirror.Tests.ClientSceneTests_RegisterPrefabBase" runstate="Runnable" seed="1156094601" result="Passed" start-time="2020-07-30 17:12:10Z" end-time="2020-07-30 17:12:10Z" duration="0.013641" asserts="0">
                  <properties />
                </test-case>
                <test-case id="2739" name="CheckOverloadWithHandler(Prefab_SpawnHandlerDelegate_NewAssetId,True)" fullname="Mirror.Tests.ClientSceneTests.ClientSceneTests_RegisterPrefab.CheckOverloadWithHandler(Prefab_SpawnHandlerDelegate_NewAssetId,True)" methodname="CheckOverloadWithHandler" classname="Mirror.Tests.ClientSceneTests_RegisterPrefabBase" runstate="Runnable" seed="1401472770" result="Passed" start-time="2020-07-30 17:12:10Z" end-time="2020-07-30 17:12:11Z" duration="0.014891" asserts="0">
                  <properties />
                </test-case>
              </test-suite>
              <test-suite type="ParameterizedMethod" id="2684" name="ErrorForNullPrefab" fullname="Mirror.Tests.ClientSceneTests.ClientSceneTests_RegisterPrefab.ErrorForNullPrefab" classname="Mirror.Tests.ClientSceneTests.ClientSceneTests_RegisterPrefab" runstate="Runnable" testcasecount="6" result="Passed" start-time="2020-07-30 17:12:11Z" end-time="2020-07-30 17:12:11Z" duration="0.132131" total="6" passed="6" failed="0" inconclusive="0" skipped="0" asserts="0">
                <properties />
                <test-case id="2678" name="ErrorForNullPrefab(Prefab)" fullname="Mirror.Tests.ClientSceneTests.ClientSceneTests_RegisterPrefab.ErrorForNullPrefab(Prefab)" methodname="ErrorForNullPrefab" classname="Mirror.Tests.ClientSceneTests.ClientSceneTests_RegisterPrefab" runstate="Runnable" seed="1680087201" result="Passed" start-time="2020-07-30 17:12:11Z" end-time="2020-07-30 17:12:11Z" duration="0.028004" asserts="0">
                  <properties />
                  <output><![CDATA[Could not register prefab because it was null
]]></output>
                </test-case>
                <test-case id="2679" name="ErrorForNullPrefab(Prefab_NewAssetId)" fullname="Mirror.Tests.ClientSceneTests.ClientSceneTests_RegisterPrefab.ErrorForNullPrefab(Prefab_NewAssetId)" methodname="ErrorForNullPrefab" classname="Mirror.Tests.ClientSceneTests.ClientSceneTests_RegisterPrefab" runstate="Runnable" seed="1296395680" result="Passed" start-time="2020-07-30 17:12:11Z" end-time="2020-07-30 17:12:11Z" duration="0.018513" asserts="0">
                  <properties />
                  <output><![CDATA[Could not register prefab because it was null
]]></output>
                </test-case>
                <test-case id="2680" name="ErrorForNullPrefab(Prefab_SpawnDelegate)" fullname="Mirror.Tests.ClientSceneTests.ClientSceneTests_RegisterPrefab.ErrorForNullPrefab(Prefab_SpawnDelegate)" methodname="ErrorForNullPrefab" classname="Mirror.Tests.ClientSceneTests.ClientSceneTests_RegisterPrefab" runstate="Runnable" seed="230262351" result="Passed" start-time="2020-07-30 17:12:11Z" end-time="2020-07-30 17:12:11Z" duration="0.014504" asserts="0">
                  <properties />
                  <output><![CDATA[Could not register handler for prefab because the prefab was null
]]></output>
                </test-case>
                <test-case id="2681" name="ErrorForNullPrefab(Prefab_SpawnDelegate_NewAssetId)" fullname="Mirror.Tests.ClientSceneTests.ClientSceneTests_RegisterPrefab.ErrorForNullPrefab(Prefab_SpawnDelegate_NewAssetId)" methodname="ErrorForNullPrefab" classname="Mirror.Tests.ClientSceneTests.ClientSceneTests_RegisterPrefab" runstate="Runnable" seed="493910725" result="Passed" start-time="2020-07-30 17:12:11Z" end-time="2020-07-30 17:12:11Z" duration="0.014194" asserts="0">
                  <properties />
                  <output><![CDATA[Could not register handler for prefab because the prefab was null
]]></output>
                </test-case>
                <test-case id="2682" name="ErrorForNullPrefab(Prefab_SpawnHandlerDelegate)" fullname="Mirror.Tests.ClientSceneTests.ClientSceneTests_RegisterPrefab.ErrorForNullPrefab(Prefab_SpawnHandlerDelegate)" methodname="ErrorForNullPrefab" classname="Mirror.Tests.ClientSceneTests.ClientSceneTests_RegisterPrefab" runstate="Runnable" seed="805353018" result="Passed" start-time="2020-07-30 17:12:11Z" end-time="2020-07-30 17:12:11Z" duration="0.023075" asserts="0">
                  <properties />
                  <output><![CDATA[Could not register handler for prefab because the prefab was null
]]></output>
                </test-case>
                <test-case id="2683" name="ErrorForNullPrefab(Prefab_SpawnHandlerDelegate_NewAssetId)" fullname="Mirror.Tests.ClientSceneTests.ClientSceneTests_RegisterPrefab.ErrorForNullPrefab(Prefab_SpawnHandlerDelegate_NewAssetId)" methodname="ErrorForNullPrefab" classname="Mirror.Tests.ClientSceneTests.ClientSceneTests_RegisterPrefab" runstate="Runnable" seed="896352257" result="Passed" start-time="2020-07-30 17:12:11Z" end-time="2020-07-30 17:12:11Z" duration="0.018330" asserts="0">
                  <properties />
                  <output><![CDATA[Could not register handler for prefab because the prefab was null
]]></output>
                </test-case>
              </test-suite>
              <test-suite type="ParameterizedMethod" id="2691" name="ErrorForPrefabWithoutNetworkIdentity" fullname="Mirror.Tests.ClientSceneTests.ClientSceneTests_RegisterPrefab.ErrorForPrefabWithoutNetworkIdentity" classname="Mirror.Tests.ClientSceneTests.ClientSceneTests_RegisterPrefab" runstate="Runnable" testcasecount="6" result="Passed" start-time="2020-07-30 17:12:11Z" end-time="2020-07-30 17:12:11Z" duration="0.763076" total="6" passed="6" failed="0" inconclusive="0" skipped="0" asserts="0">
                <properties />
                <test-case id="2685" name="ErrorForPrefabWithoutNetworkIdentity(Prefab)" fullname="Mirror.Tests.ClientSceneTests.ClientSceneTests_RegisterPrefab.ErrorForPrefabWithoutNetworkIdentity(Prefab)" methodname="ErrorForPrefabWithoutNetworkIdentity" classname="Mirror.Tests.ClientSceneTests.ClientSceneTests_RegisterPrefab" runstate="Runnable" seed="652643609" result="Passed" start-time="2020-07-30 17:12:11Z" end-time="2020-07-30 17:12:11Z" duration="0.011203" asserts="0">
                  <properties />
                  <output><![CDATA[Could not register 'invalidPrefabForClientScene' since it contains no NetworkIdentity component
]]></output>
                </test-case>
                <test-case id="2686" name="ErrorForPrefabWithoutNetworkIdentity(Prefab_NewAssetId)" fullname="Mirror.Tests.ClientSceneTests.ClientSceneTests_RegisterPrefab.ErrorForPrefabWithoutNetworkIdentity(Prefab_NewAssetId)" methodname="ErrorForPrefabWithoutNetworkIdentity" classname="Mirror.Tests.ClientSceneTests.ClientSceneTests_RegisterPrefab" runstate="Runnable" seed="359810357" result="Passed" start-time="2020-07-30 17:12:11Z" end-time="2020-07-30 17:12:11Z" duration="0.023058" asserts="0">
                  <properties />
                  <output><![CDATA[Could not register 'invalidPrefabForClientScene' since it contains no NetworkIdentity component
]]></output>
                </test-case>
                <test-case id="2687" name="ErrorForPrefabWithoutNetworkIdentity(Prefab_SpawnDelegate)" fullname="Mirror.Tests.ClientSceneTests.ClientSceneTests_RegisterPrefab.ErrorForPrefabWithoutNetworkIdentity(Prefab_SpawnDelegate)" methodname="ErrorForPrefabWithoutNetworkIdentity" classname="Mirror.Tests.ClientSceneTests.ClientSceneTests_RegisterPrefab" runstate="Runnable" seed="1539870976" result="Passed" start-time="2020-07-30 17:12:11Z" end-time="2020-07-30 17:12:11Z" duration="0.114633" asserts="0">
                  <properties />
                  <output><![CDATA[Could not register handler for 'invalidPrefabForClientScene' since it contains no NetworkIdentity component
]]></output>
                </test-case>
                <test-case id="2688" name="ErrorForPrefabWithoutNetworkIdentity(Prefab_SpawnDelegate_NewAssetId)" fullname="Mirror.Tests.ClientSceneTests.ClientSceneTests_RegisterPrefab.ErrorForPrefabWithoutNetworkIdentity(Prefab_SpawnDelegate_NewAssetId)" methodname="ErrorForPrefabWithoutNetworkIdentity" classname="Mirror.Tests.ClientSceneTests.ClientSceneTests_RegisterPrefab" runstate="Runnable" seed="185342142" result="Passed" start-time="2020-07-30 17:12:11Z" end-time="2020-07-30 17:12:11Z" duration="0.199040" asserts="0">
                  <properties />
                  <output><![CDATA[Could not register handler for 'invalidPrefabForClientScene' since it contains no NetworkIdentity component
]]></output>
                </test-case>
                <test-case id="2689" name="ErrorForPrefabWithoutNetworkIdentity(Prefab_SpawnHandlerDelegate)" fullname="Mirror.Tests.ClientSceneTests.ClientSceneTests_RegisterPrefab.ErrorForPrefabWithoutNetworkIdentity(Prefab_SpawnHandlerDelegate)" methodname="ErrorForPrefabWithoutNetworkIdentity" classname="Mirror.Tests.ClientSceneTests.ClientSceneTests_RegisterPrefab" runstate="Runnable" seed="907583063" result="Passed" start-time="2020-07-30 17:12:11Z" end-time="2020-07-30 17:12:11Z" duration="0.197520" asserts="0">
                  <properties />
                  <output><![CDATA[Could not register handler for 'invalidPrefabForClientScene' since it contains no NetworkIdentity component
]]></output>
                </test-case>
                <test-case id="2690" name="ErrorForPrefabWithoutNetworkIdentity(Prefab_SpawnHandlerDelegate_NewAssetId)" fullname="Mirror.Tests.ClientSceneTests.ClientSceneTests_RegisterPrefab.ErrorForPrefabWithoutNetworkIdentity(Prefab_SpawnHandlerDelegate_NewAssetId)" methodname="ErrorForPrefabWithoutNetworkIdentity" classname="Mirror.Tests.ClientSceneTests.ClientSceneTests_RegisterPrefab" runstate="Runnable" seed="2114034604" result="Passed" start-time="2020-07-30 17:12:11Z" end-time="2020-07-30 17:12:11Z" duration="0.197323" asserts="0">
                  <properties />
                  <output><![CDATA[Could not register handler for 'invalidPrefabForClientScene' since it contains no NetworkIdentity component
]]></output>
                </test-case>
              </test-suite>
              <test-suite type="ParameterizedMethod" id="2699" name="ErrorIfPrefabHadSceneId" fullname="Mirror.Tests.ClientSceneTests.ClientSceneTests_RegisterPrefab.ErrorIfPrefabHadSceneId" classname="Mirror.Tests.ClientSceneTests.ClientSceneTests_RegisterPrefab" runstate="Runnable" testcasecount="3" result="Passed" start-time="2020-07-30 17:12:11Z" end-time="2020-07-30 17:12:12Z" duration="0.692025" total="3" passed="3" failed="0" inconclusive="0" skipped="0" asserts="0">
                <properties />
                <test-case id="2696" name="ErrorIfPrefabHadSceneId(Prefab)" fullname="Mirror.Tests.ClientSceneTests.ClientSceneTests_RegisterPrefab.ErrorIfPrefabHadSceneId(Prefab)" methodname="ErrorIfPrefabHadSceneId" classname="Mirror.Tests.ClientSceneTests.ClientSceneTests_RegisterPrefab" runstate="Runnable" seed="319214967" result="Passed" start-time="2020-07-30 17:12:12Z" end-time="2020-07-30 17:12:12Z" duration="0.200125" asserts="0">
                  <properties />
                  <output><![CDATA[Can not Register 'ValidPrefabForClientScene(Clone)' because it has a sceneId, make sure you are passing in the original prefab and not an instance in the scene.
]]></output>
                </test-case>
                <test-case id="2697" name="ErrorIfPrefabHadSceneId(Prefab_SpawnDelegate)" fullname="Mirror.Tests.ClientSceneTests.ClientSceneTests_RegisterPrefab.ErrorIfPrefabHadSceneId(Prefab_SpawnDelegate)" methodname="ErrorIfPrefabHadSceneId" classname="Mirror.Tests.ClientSceneTests.ClientSceneTests_RegisterPrefab" runstate="Runnable" seed="461406973" result="Passed" start-time="2020-07-30 17:12:12Z" end-time="2020-07-30 17:12:12Z" duration="0.198267" asserts="0">
                  <properties />
                  <output><![CDATA[Can not Register 'ValidPrefabForClientScene(Clone)' because it has a sceneId, make sure you are passing in the original prefab and not an instance in the scene.
]]></output>
                </test-case>
                <test-case id="2698" name="ErrorIfPrefabHadSceneId(Prefab_SpawnHandlerDelegate)" fullname="Mirror.Tests.ClientSceneTests.ClientSceneTests_RegisterPrefab.ErrorIfPrefabHadSceneId(Prefab_SpawnHandlerDelegate)" methodname="ErrorIfPrefabHadSceneId" classname="Mirror.Tests.ClientSceneTests.ClientSceneTests_RegisterPrefab" runstate="Runnable" seed="1511449256" result="Passed" start-time="2020-07-30 17:12:12Z" end-time="2020-07-30 17:12:12Z" duration="0.196604" asserts="0">
                  <properties />
                  <output><![CDATA[Can not Register 'ValidPrefabForClientScene(Clone)' because it has a sceneId, make sure you are passing in the original prefab and not an instance in the scene.
]]></output>
                </test-case>
              </test-suite>
              <test-suite type="ParameterizedMethod" id="2708" name="Handler_ErrorForAssetIdAlreadyExistingInPrefabsDictionary" fullname="Mirror.Tests.ClientSceneTests.ClientSceneTests_RegisterPrefab.Handler_ErrorForAssetIdAlreadyExistingInPrefabsDictionary" classname="Mirror.Tests.ClientSceneTests.ClientSceneTests_RegisterPrefab" runstate="Runnable" testcasecount="2" result="Passed" start-time="2020-07-30 17:12:12Z" end-time="2020-07-30 17:12:13Z" duration="0.494772" total="2" passed="2" failed="0" inconclusive="0" skipped="0" asserts="0">
                <properties />
                <test-case id="2706" name="Handler_ErrorForAssetIdAlreadyExistingInPrefabsDictionary(Prefab_SpawnDelegate)" fullname="Mirror.Tests.ClientSceneTests.ClientSceneTests_RegisterPrefab.Handler_ErrorForAssetIdAlreadyExistingInPrefabsDictionary(Prefab_SpawnDelegate)" methodname="Handler_ErrorForAssetIdAlreadyExistingInPrefabsDictionary" classname="Mirror.Tests.ClientSceneTests.ClientSceneTests_RegisterPrefab" runstate="Runnable" seed="100142607" result="Passed" start-time="2020-07-30 17:12:12Z" end-time="2020-07-30 17:12:12Z" duration="0.199640" asserts="0">
                  <properties />
                  <output><![CDATA[assetId '33169286-da03-13d4-5ab5-bfccc6cf3775' is already used by prefab 'ValidPrefabForClientScene', unregister the prefab first before trying to add handler
]]></output>
                </test-case>
                <test-case id="2707" name="Handler_ErrorForAssetIdAlreadyExistingInPrefabsDictionary(Prefab_SpawnHandlerDelegate)" fullname="Mirror.Tests.ClientSceneTests.ClientSceneTests_RegisterPrefab.Handler_ErrorForAssetIdAlreadyExistingInPrefabsDictionary(Prefab_SpawnHandlerDelegate)" methodname="Handler_ErrorForAssetIdAlreadyExistingInPrefabsDictionary" classname="Mirror.Tests.ClientSceneTests.ClientSceneTests_RegisterPrefab" runstate="Runnable" seed="21339581" result="Passed" start-time="2020-07-30 17:12:12Z" end-time="2020-07-30 17:12:13Z" duration="0.196681" asserts="0">
                  <properties />
                  <output><![CDATA[assetId '33169286-da03-13d4-5ab5-bfccc6cf3775' is already used by prefab 'ValidPrefabForClientScene', unregister the prefab first before trying to add handler
]]></output>
                </test-case>
              </test-suite>
              <test-suite type="ParameterizedMethod" id="2726" name="Handler_ErrorWhenUnSpawnHandlerIsNull" fullname="Mirror.Tests.ClientSceneTests.ClientSceneTests_RegisterPrefab.Handler_ErrorWhenUnSpawnHandlerIsNull" classname="Mirror.Tests.ClientSceneTests.ClientSceneTests_RegisterPrefab" runstate="Runnable" testcasecount="2" result="Passed" start-time="2020-07-30 17:12:13Z" end-time="2020-07-30 17:12:13Z" duration="0.495591" total="2" passed="2" failed="0" inconclusive="0" skipped="0" asserts="0">
                <properties />
                <test-case id="2724" name="Handler_ErrorWhenUnSpawnHandlerIsNull(Prefab_SpawnDelegate)" fullname="Mirror.Tests.ClientSceneTests.ClientSceneTests_RegisterPrefab.Handler_ErrorWhenUnSpawnHandlerIsNull(Prefab_SpawnDelegate)" methodname="Handler_ErrorWhenUnSpawnHandlerIsNull" classname="Mirror.Tests.ClientSceneTests.ClientSceneTests_RegisterPrefab" runstate="Runnable" seed="690837478" result="Passed" start-time="2020-07-30 17:12:13Z" end-time="2020-07-30 17:12:13Z" duration="0.199680" asserts="0">
                  <properties />
                  <output><![CDATA[Can not Register null UnSpawnHandler for 33169286-da03-13d4-5ab5-bfccc6cf3775
]]></output>
                </test-case>
                <test-case id="2725" name="Handler_ErrorWhenUnSpawnHandlerIsNull(Prefab_SpawnHandlerDelegate)" fullname="Mirror.Tests.ClientSceneTests.ClientSceneTests_RegisterPrefab.Handler_ErrorWhenUnSpawnHandlerIsNull(Prefab_SpawnHandlerDelegate)" methodname="Handler_ErrorWhenUnSpawnHandlerIsNull" classname="Mirror.Tests.ClientSceneTests.ClientSceneTests_RegisterPrefab" runstate="Runnable" seed="424072854" result="Passed" start-time="2020-07-30 17:12:13Z" end-time="2020-07-30 17:12:13Z" duration="0.198028" asserts="0">
                  <properties />
                  <output><![CDATA[Can not Register null UnSpawnHandler for 33169286-da03-13d4-5ab5-bfccc6cf3775
]]></output>
                </test-case>
              </test-suite>
              <test-suite type="ParameterizedMethod" id="2672" name="HandlerNewGuid_ErrorDoesNotChangePrefabsAssetId" fullname="Mirror.Tests.ClientSceneTests.ClientSceneTests_RegisterPrefab.HandlerNewGuid_ErrorDoesNotChangePrefabsAssetId" classname="Mirror.Tests.ClientSceneTests.ClientSceneTests_RegisterPrefab" runstate="Runnable" testcasecount="2" result="Passed" start-time="2020-07-30 17:12:13Z" end-time="2020-07-30 17:12:14Z" duration="0.497186" total="2" passed="2" failed="0" inconclusive="0" skipped="0" asserts="0">
                <properties />
                <test-case id="2670" name="HandlerNewGuid_ErrorDoesNotChangePrefabsAssetId(Prefab_SpawnDelegate_NewAssetId)" fullname="Mirror.Tests.ClientSceneTests.ClientSceneTests_RegisterPrefab.HandlerNewGuid_ErrorDoesNotChangePrefabsAssetId(Prefab_SpawnDelegate_NewAssetId)" methodname="HandlerNewGuid_ErrorDoesNotChangePrefabsAssetId" classname="Mirror.Tests.ClientSceneTests.ClientSceneTests_RegisterPrefab" runstate="Runnable" seed="618983895" result="Passed" start-time="2020-07-30 17:12:13Z" end-time="2020-07-30 17:12:13Z" duration="0.199224" asserts="0">
                  <properties />
                  <output><![CDATA[Could not register Handler for 'ValidPrefabForClientScene' to 5794128c-dfda-0454-2985-151f82990d05 because it already had an AssetId, Existing assetId 33169286-da03-13d4-5ab5-bfccc6cf3775
]]></output>
                </test-case>
                <test-case id="2671" name="HandlerNewGuid_ErrorDoesNotChangePrefabsAssetId(Prefab_SpawnHandlerDelegate_NewAssetId)" fullname="Mirror.Tests.ClientSceneTests.ClientSceneTests_RegisterPrefab.HandlerNewGuid_ErrorDoesNotChangePrefabsAssetId(Prefab_SpawnHandlerDelegate_NewAssetId)" methodname="HandlerNewGuid_ErrorDoesNotChangePrefabsAssetId" classname="Mirror.Tests.ClientSceneTests.ClientSceneTests_RegisterPrefab" runstate="Runnable" seed="895417593" result="Passed" start-time="2020-07-30 17:12:13Z" end-time="2020-07-30 17:12:14Z" duration="0.198395" asserts="0">
                  <properties />
                  <output><![CDATA[Could not register Handler for 'ValidPrefabForClientScene' to 5794128c-dfda-0454-2985-151f82990d05 because it already had an AssetId, Existing assetId 33169286-da03-13d4-5ab5-bfccc6cf3775
]]></output>
                </test-case>
              </test-suite>
              <test-suite type="ParameterizedMethod" id="2677" name="HandlerNewGuid_NoErrorWhenAssetIdIsSameAsCurrentPrefab" fullname="Mirror.Tests.ClientSceneTests.ClientSceneTests_RegisterPrefab.HandlerNewGuid_NoErrorWhenAssetIdIsSameAsCurrentPrefab" classname="Mirror.Tests.ClientSceneTests.ClientSceneTests_RegisterPrefab" runstate="Runnable" testcasecount="2" result="Passed" start-time="2020-07-30 17:12:14Z" end-time="2020-07-30 17:12:14Z" duration="0.493342" total="2" passed="2" failed="0" inconclusive="0" skipped="0" asserts="0">
                <properties />
                <test-case id="2675" name="HandlerNewGuid_NoErrorWhenAssetIdIsSameAsCurrentPrefab(Prefab_SpawnDelegate_NewAssetId)" fullname="Mirror.Tests.ClientSceneTests.ClientSceneTests_RegisterPrefab.HandlerNewGuid_NoErrorWhenAssetIdIsSameAsCurrentPrefab(Prefab_SpawnDelegate_NewAssetId)" methodname="HandlerNewGuid_NoErrorWhenAssetIdIsSameAsCurrentPrefab" classname="Mirror.Tests.ClientSceneTests.ClientSceneTests_RegisterPrefab" runstate="Runnable" seed="2127569508" result="Passed" start-time="2020-07-30 17:12:14Z" end-time="2020-07-30 17:12:14Z" duration="0.199022" asserts="0">
                  <properties />
                </test-case>
                <test-case id="2676" name="HandlerNewGuid_NoErrorWhenAssetIdIsSameAsCurrentPrefab(Prefab_SpawnHandlerDelegate_NewAssetId)" fullname="Mirror.Tests.ClientSceneTests.ClientSceneTests_RegisterPrefab.HandlerNewGuid_NoErrorWhenAssetIdIsSameAsCurrentPrefab(Prefab_SpawnHandlerDelegate_NewAssetId)" methodname="HandlerNewGuid_NoErrorWhenAssetIdIsSameAsCurrentPrefab" classname="Mirror.Tests.ClientSceneTests.ClientSceneTests_RegisterPrefab" runstate="Runnable" seed="995943807" result="Passed" start-time="2020-07-30 17:12:14Z" end-time="2020-07-30 17:12:14Z" duration="0.198455" asserts="0">
                  <properties />
                </test-case>
              </test-suite>
              <test-suite type="ParameterizedMethod" id="2695" name="NewGuid_ErrorForEmptyGuid" fullname="Mirror.Tests.ClientSceneTests.ClientSceneTests_RegisterPrefab.NewGuid_ErrorForEmptyGuid" classname="Mirror.Tests.ClientSceneTests.ClientSceneTests_RegisterPrefab" runstate="Runnable" testcasecount="3" result="Passed" start-time="2020-07-30 17:12:14Z" end-time="2020-07-30 17:12:15Z" duration="0.696416" total="3" passed="3" failed="0" inconclusive="0" skipped="0" asserts="0">
                <properties />
                <test-case id="2692" name="NewGuid_ErrorForEmptyGuid(Prefab_NewAssetId)" fullname="Mirror.Tests.ClientSceneTests.ClientSceneTests_RegisterPrefab.NewGuid_ErrorForEmptyGuid(Prefab_NewAssetId)" methodname="NewGuid_ErrorForEmptyGuid" classname="Mirror.Tests.ClientSceneTests.ClientSceneTests_RegisterPrefab" runstate="Runnable" seed="1541073783" result="Passed" start-time="2020-07-30 17:12:14Z" end-time="2020-07-30 17:12:14Z" duration="0.198990" asserts="0">
                  <properties />
                  <output><![CDATA[Could not register 'ValidPrefabForClientScene' with new assetId because the new assetId was empty
]]></output>
                </test-case>
                <test-case id="2693" name="NewGuid_ErrorForEmptyGuid(Prefab_SpawnDelegate_NewAssetId)" fullname="Mirror.Tests.ClientSceneTests.ClientSceneTests_RegisterPrefab.NewGuid_ErrorForEmptyGuid(Prefab_SpawnDelegate_NewAssetId)" methodname="NewGuid_ErrorForEmptyGuid" classname="Mirror.Tests.ClientSceneTests.ClientSceneTests_RegisterPrefab" runstate="Runnable" seed="1690370129" result="Passed" start-time="2020-07-30 17:12:14Z" end-time="2020-07-30 17:12:15Z" duration="0.198733" asserts="0">
                  <properties />
                  <output><![CDATA[Could not register handler for 'ValidPrefabForClientScene' with new assetId because the new assetId was empty
]]></output>
                </test-case>
                <test-case id="2694" name="NewGuid_ErrorForEmptyGuid(Prefab_SpawnHandlerDelegate_NewAssetId)" fullname="Mirror.Tests.ClientSceneTests.ClientSceneTests_RegisterPrefab.NewGuid_ErrorForEmptyGuid(Prefab_SpawnHandlerDelegate_NewAssetId)" methodname="NewGuid_ErrorForEmptyGuid" classname="Mirror.Tests.ClientSceneTests.ClientSceneTests_RegisterPrefab" runstate="Runnable" seed="951318357" result="Passed" start-time="2020-07-30 17:12:15Z" end-time="2020-07-30 17:12:15Z" duration="0.197866" asserts="0">
                  <properties />
                  <output><![CDATA[Could not register handler for 'ValidPrefabForClientScene' with new assetId because the new assetId was empty
]]></output>
                </test-case>
              </test-suite>
              <test-suite type="ParameterizedMethod" id="2667" name="Prefab_AddsPrefabToDictionary" fullname="Mirror.Tests.ClientSceneTests.ClientSceneTests_RegisterPrefab.Prefab_AddsPrefabToDictionary" classname="Mirror.Tests.ClientSceneTests.ClientSceneTests_RegisterPrefab" runstate="Runnable" testcasecount="1" result="Passed" start-time="2020-07-30 17:12:15Z" end-time="2020-07-30 17:12:15Z" duration="0.295010" total="1" passed="1" failed="0" inconclusive="0" skipped="0" asserts="0">
                <properties />
                <test-case id="2666" name="Prefab_AddsPrefabToDictionary(Prefab)" fullname="Mirror.Tests.ClientSceneTests.ClientSceneTests_RegisterPrefab.Prefab_AddsPrefabToDictionary(Prefab)" methodname="Prefab_AddsPrefabToDictionary" classname="Mirror.Tests.ClientSceneTests.ClientSceneTests_RegisterPrefab" runstate="Runnable" seed="18738696" result="Passed" start-time="2020-07-30 17:12:15Z" end-time="2020-07-30 17:12:15Z" duration="0.196517" asserts="0">
                  <properties />
                </test-case>
              </test-suite>
              <test-suite type="ParameterizedMethod" id="2705" name="Prefab_WarningForAssetIdAlreadyExistingInPrefabsDictionary" fullname="Mirror.Tests.ClientSceneTests.ClientSceneTests_RegisterPrefab.Prefab_WarningForAssetIdAlreadyExistingInPrefabsDictionary" classname="Mirror.Tests.ClientSceneTests.ClientSceneTests_RegisterPrefab" runstate="Runnable" testcasecount="1" result="Passed" start-time="2020-07-30 17:12:15Z" end-time="2020-07-30 17:12:15Z" duration="0.297983" total="1" passed="1" failed="0" inconclusive="0" skipped="0" asserts="0">
                <properties />
                <test-case id="2704" name="Prefab_WarningForAssetIdAlreadyExistingInPrefabsDictionary(Prefab)" fullname="Mirror.Tests.ClientSceneTests.ClientSceneTests_RegisterPrefab.Prefab_WarningForAssetIdAlreadyExistingInPrefabsDictionary(Prefab)" methodname="Prefab_WarningForAssetIdAlreadyExistingInPrefabsDictionary" classname="Mirror.Tests.ClientSceneTests.ClientSceneTests_RegisterPrefab" runstate="Runnable" seed="971801035" result="Passed" start-time="2020-07-30 17:12:15Z" end-time="2020-07-30 17:12:15Z" duration="0.198739" asserts="0">
                  <properties />
                  <output><![CDATA[Replacing existing prefab with assetId '33169286-da03-13d4-5ab5-bfccc6cf3775'. Old prefab 'ValidPrefabForClientScene', New prefab 'ValidPrefabForClientScene'
]]></output>
                </test-case>
              </test-suite>
              <test-suite type="ParameterizedMethod" id="2669" name="PrefabNewGuid_ErrorDoesNotChangePrefabsAssetId" fullname="Mirror.Tests.ClientSceneTests.ClientSceneTests_RegisterPrefab.PrefabNewGuid_ErrorDoesNotChangePrefabsAssetId" classname="Mirror.Tests.ClientSceneTests.ClientSceneTests_RegisterPrefab" runstate="Runnable" testcasecount="1" result="Passed" start-time="2020-07-30 17:12:15Z" end-time="2020-07-30 17:12:16Z" duration="0.298256" total="1" passed="1" failed="0" inconclusive="0" skipped="0" asserts="0">
                <properties />
                <test-case id="2668" name="PrefabNewGuid_ErrorDoesNotChangePrefabsAssetId(Prefab_NewAssetId)" fullname="Mirror.Tests.ClientSceneTests.ClientSceneTests_RegisterPrefab.PrefabNewGuid_ErrorDoesNotChangePrefabsAssetId(Prefab_NewAssetId)" methodname="PrefabNewGuid_ErrorDoesNotChangePrefabsAssetId" classname="Mirror.Tests.ClientSceneTests.ClientSceneTests_RegisterPrefab" runstate="Runnable" seed="863710976" result="Passed" start-time="2020-07-30 17:12:16Z" end-time="2020-07-30 17:12:16Z" duration="0.199045" asserts="0">
                  <properties />
                  <output><![CDATA[Could not register 'ValidPrefabForClientScene' to 5794128c-dfda-0454-2985-151f82990d05 because it already had an AssetId, Existing assetId 33169286-da03-13d4-5ab5-bfccc6cf3775
]]></output>
                </test-case>
              </test-suite>
              <test-suite type="ParameterizedMethod" id="2674" name="PrefabNewGuid_NoErrorWhenNewAssetIdIsSameAsCurrentPrefab" fullname="Mirror.Tests.ClientSceneTests.ClientSceneTests_RegisterPrefab.PrefabNewGuid_NoErrorWhenNewAssetIdIsSameAsCurrentPrefab" classname="Mirror.Tests.ClientSceneTests.ClientSceneTests_RegisterPrefab" runstate="Runnable" testcasecount="1" result="Passed" start-time="2020-07-30 17:12:16Z" end-time="2020-07-30 17:12:16Z" duration="0.297731" total="1" passed="1" failed="0" inconclusive="0" skipped="0" asserts="0">
                <properties />
                <test-case id="2673" name="PrefabNewGuid_NoErrorWhenNewAssetIdIsSameAsCurrentPrefab(Prefab_NewAssetId)" fullname="Mirror.Tests.ClientSceneTests.ClientSceneTests_RegisterPrefab.PrefabNewGuid_NoErrorWhenNewAssetIdIsSameAsCurrentPrefab(Prefab_NewAssetId)" methodname="PrefabNewGuid_NoErrorWhenNewAssetIdIsSameAsCurrentPrefab" classname="Mirror.Tests.ClientSceneTests.ClientSceneTests_RegisterPrefab" runstate="Runnable" seed="210897806" result="Passed" start-time="2020-07-30 17:12:16Z" end-time="2020-07-30 17:12:16Z" duration="0.200301" asserts="0">
                  <properties />
                </test-case>
              </test-suite>
              <test-suite type="ParameterizedMethod" id="2714" name="SpawnDelegate_AddsHandlerToSpawnHandlers" fullname="Mirror.Tests.ClientSceneTests.ClientSceneTests_RegisterPrefab.SpawnDelegate_AddsHandlerToSpawnHandlers" classname="Mirror.Tests.ClientSceneTests.ClientSceneTests_RegisterPrefab" runstate="Runnable" testcasecount="1" result="Passed" start-time="2020-07-30 17:12:16Z" end-time="2020-07-30 17:12:16Z" duration="0.296716" total="1" passed="1" failed="0" inconclusive="0" skipped="0" asserts="0">
                <properties />
                <test-case id="2713" name="SpawnDelegate_AddsHandlerToSpawnHandlers(Prefab_SpawnDelegate)" fullname="Mirror.Tests.ClientSceneTests.ClientSceneTests_RegisterPrefab.SpawnDelegate_AddsHandlerToSpawnHandlers(Prefab_SpawnDelegate)" methodname="SpawnDelegate_AddsHandlerToSpawnHandlers" classname="Mirror.Tests.ClientSceneTests.ClientSceneTests_RegisterPrefab" runstate="Runnable" seed="705286278" result="Passed" start-time="2020-07-30 17:12:16Z" end-time="2020-07-30 17:12:16Z" duration="0.199248" asserts="0">
                  <properties />
                </test-case>
              </test-suite>
              <test-suite type="ParameterizedMethod" id="2716" name="SpawnDelegate_AddsHandlerToSpawnHandlersWithCorrectArguments" fullname="Mirror.Tests.ClientSceneTests.ClientSceneTests_RegisterPrefab.SpawnDelegate_AddsHandlerToSpawnHandlersWithCorrectArguments" classname="Mirror.Tests.ClientSceneTests.ClientSceneTests_RegisterPrefab" runstate="Runnable" testcasecount="1" result="Passed" start-time="2020-07-30 17:12:16Z" end-time="2020-07-30 17:12:17Z" duration="0.297968" total="1" passed="1" failed="0" inconclusive="0" skipped="0" asserts="0">
                <properties />
                <test-case id="2715" name="SpawnDelegate_AddsHandlerToSpawnHandlersWithCorrectArguments(Prefab_SpawnDelegate)" fullname="Mirror.Tests.ClientSceneTests.ClientSceneTests_RegisterPrefab.SpawnDelegate_AddsHandlerToSpawnHandlersWithCorrectArguments(Prefab_SpawnDelegate)" methodname="SpawnDelegate_AddsHandlerToSpawnHandlersWithCorrectArguments" classname="Mirror.Tests.ClientSceneTests.ClientSceneTests_RegisterPrefab" runstate="Runnable" seed="82594561" result="Passed" start-time="2020-07-30 17:12:16Z" end-time="2020-07-30 17:12:17Z" duration="0.199741" asserts="0">
                  <properties />
                </test-case>
              </test-suite>
              <test-suite type="ParameterizedMethod" id="2719" name="SpawnDelegate_ErrorWhenSpawnHandlerIsNull" fullname="Mirror.Tests.ClientSceneTests.ClientSceneTests_RegisterPrefab.SpawnDelegate_ErrorWhenSpawnHandlerIsNull" classname="Mirror.Tests.ClientSceneTests.ClientSceneTests_RegisterPrefab" runstate="Runnable" testcasecount="2" result="Passed" start-time="2020-07-30 17:12:17Z" end-time="2020-07-30 17:12:17Z" duration="0.497420" total="2" passed="2" failed="0" inconclusive="0" skipped="0" asserts="0">
                <properties />
                <test-case id="2717" name="SpawnDelegate_ErrorWhenSpawnHandlerIsNull(Prefab_SpawnDelegate)" fullname="Mirror.Tests.ClientSceneTests.ClientSceneTests_RegisterPrefab.SpawnDelegate_ErrorWhenSpawnHandlerIsNull(Prefab_SpawnDelegate)" methodname="SpawnDelegate_ErrorWhenSpawnHandlerIsNull" classname="Mirror.Tests.ClientSceneTests.ClientSceneTests_RegisterPrefab" runstate="Runnable" seed="1912431779" result="Passed" start-time="2020-07-30 17:12:17Z" end-time="2020-07-30 17:12:17Z" duration="0.199117" asserts="0">
                  <properties />
                  <output><![CDATA[Can not Register null SpawnHandler for 33169286-da03-13d4-5ab5-bfccc6cf3775
]]></output>
                </test-case>
                <test-case id="2718" name="SpawnDelegate_ErrorWhenSpawnHandlerIsNull(Prefab_SpawnDelegate_NewAssetId)" fullname="Mirror.Tests.ClientSceneTests.ClientSceneTests_RegisterPrefab.SpawnDelegate_ErrorWhenSpawnHandlerIsNull(Prefab_SpawnDelegate_NewAssetId)" methodname="SpawnDelegate_ErrorWhenSpawnHandlerIsNull" classname="Mirror.Tests.ClientSceneTests.ClientSceneTests_RegisterPrefab" runstate="Runnable" seed="616629013" result="Passed" start-time="2020-07-30 17:12:17Z" end-time="2020-07-30 17:12:17Z" duration="0.197944" asserts="0">
                  <properties />
                  <output><![CDATA[Can not Register null SpawnHandler for 5794128c-dfda-0454-2985-151f82990d05
]]></output>
                </test-case>
              </test-suite>
              <test-suite type="ParameterizedMethod" id="2721" name="SpawnHandleDelegate_AddsHandlerToSpawnHandlers" fullname="Mirror.Tests.ClientSceneTests.ClientSceneTests_RegisterPrefab.SpawnHandleDelegate_AddsHandlerToSpawnHandlers" classname="Mirror.Tests.ClientSceneTests.ClientSceneTests_RegisterPrefab" runstate="Runnable" testcasecount="1" result="Passed" start-time="2020-07-30 17:12:17Z" end-time="2020-07-30 17:12:17Z" duration="0.294809" total="1" passed="1" failed="0" inconclusive="0" skipped="0" asserts="0">
                <properties />
                <test-case id="2720" name="SpawnHandleDelegate_AddsHandlerToSpawnHandlers(Prefab_SpawnHandlerDelegate)" fullname="Mirror.Tests.ClientSceneTests.ClientSceneTests_RegisterPrefab.SpawnHandleDelegate_AddsHandlerToSpawnHandlers(Prefab_SpawnHandlerDelegate)" methodname="SpawnHandleDelegate_AddsHandlerToSpawnHandlers" classname="Mirror.Tests.ClientSceneTests.ClientSceneTests_RegisterPrefab" runstate="Runnable" seed="1355292190" result="Passed" start-time="2020-07-30 17:12:17Z" end-time="2020-07-30 17:12:17Z" duration="0.198695" asserts="0">
                  <properties />
                </test-case>
              </test-suite>
              <test-suite type="ParameterizedMethod" id="2723" name="SpawnHandleDelegate_ErrorWhenSpawnHandlerIsNull" fullname="Mirror.Tests.ClientSceneTests.ClientSceneTests_RegisterPrefab.SpawnHandleDelegate_ErrorWhenSpawnHandlerIsNull" classname="Mirror.Tests.ClientSceneTests.ClientSceneTests_RegisterPrefab" runstate="Runnable" testcasecount="1" result="Passed" start-time="2020-07-30 17:12:17Z" end-time="2020-07-30 17:12:18Z" duration="0.298810" total="1" passed="1" failed="0" inconclusive="0" skipped="0" asserts="0">
                <properties />
                <test-case id="2722" name="SpawnHandleDelegate_ErrorWhenSpawnHandlerIsNull(Prefab_SpawnHandlerDelegate)" fullname="Mirror.Tests.ClientSceneTests.ClientSceneTests_RegisterPrefab.SpawnHandleDelegate_ErrorWhenSpawnHandlerIsNull(Prefab_SpawnHandlerDelegate)" methodname="SpawnHandleDelegate_ErrorWhenSpawnHandlerIsNull" classname="Mirror.Tests.ClientSceneTests.ClientSceneTests_RegisterPrefab" runstate="Runnable" seed="247100606" result="Passed" start-time="2020-07-30 17:12:18Z" end-time="2020-07-30 17:12:18Z" duration="0.199244" asserts="0">
                  <properties />
                  <output><![CDATA[Can not Register null SpawnHandler for 33169286-da03-13d4-5ab5-bfccc6cf3775
]]></output>
                </test-case>
              </test-suite>
              <test-suite type="ParameterizedMethod" id="2712" name="WarningForAssetIdAlreadyExistingInHandlersDictionary" fullname="Mirror.Tests.ClientSceneTests.ClientSceneTests_RegisterPrefab.WarningForAssetIdAlreadyExistingInHandlersDictionary" classname="Mirror.Tests.ClientSceneTests.ClientSceneTests_RegisterPrefab" runstate="Runnable" testcasecount="3" result="Passed" start-time="2020-07-30 17:12:18Z" end-time="2020-07-30 17:12:18Z" duration="0.698441" total="3" passed="3" failed="0" inconclusive="0" skipped="0" asserts="0">
                <properties />
                <test-case id="2709" name="WarningForAssetIdAlreadyExistingInHandlersDictionary(Prefab)" fullname="Mirror.Tests.ClientSceneTests.ClientSceneTests_RegisterPrefab.WarningForAssetIdAlreadyExistingInHandlersDictionary(Prefab)" methodname="WarningForAssetIdAlreadyExistingInHandlersDictionary" classname="Mirror.Tests.ClientSceneTests.ClientSceneTests_RegisterPrefab" runstate="Runnable" seed="772981224" result="Passed" start-time="2020-07-30 17:12:18Z" end-time="2020-07-30 17:12:18Z" duration="0.200442" asserts="0">
                  <properties />
                  <output><![CDATA[Adding prefab 'ValidPrefabForClientScene' with assetId '33169286-da03-13d4-5ab5-bfccc6cf3775' when spawnHandlers with same assetId already exists.
]]></output>
                </test-case>
                <test-case id="2710" name="WarningForAssetIdAlreadyExistingInHandlersDictionary(Prefab_SpawnDelegate)" fullname="Mirror.Tests.ClientSceneTests.ClientSceneTests_RegisterPrefab.WarningForAssetIdAlreadyExistingInHandlersDictionary(Prefab_SpawnDelegate)" methodname="WarningForAssetIdAlreadyExistingInHandlersDictionary" classname="Mirror.Tests.ClientSceneTests.ClientSceneTests_RegisterPrefab" runstate="Runnable" seed="2036456083" result="Passed" start-time="2020-07-30 17:12:18Z" end-time="2020-07-30 17:12:18Z" duration="0.198287" asserts="0">
                  <properties />
                  <output><![CDATA[Replacing existing spawnHandlers for prefab 'ValidPrefabForClientScene' with assetId '33169286-da03-13d4-5ab5-bfccc6cf3775'
]]></output>
                </test-case>
                <test-case id="2711" name="WarningForAssetIdAlreadyExistingInHandlersDictionary(Prefab_SpawnHandlerDelegate)" fullname="Mirror.Tests.ClientSceneTests.ClientSceneTests_RegisterPrefab.WarningForAssetIdAlreadyExistingInHandlersDictionary(Prefab_SpawnHandlerDelegate)" methodname="WarningForAssetIdAlreadyExistingInHandlersDictionary" classname="Mirror.Tests.ClientSceneTests.ClientSceneTests_RegisterPrefab" runstate="Runnable" seed="828550756" result="Passed" start-time="2020-07-30 17:12:18Z" end-time="2020-07-30 17:12:18Z" duration="0.197423" asserts="0">
                  <properties />
                  <output><![CDATA[Replacing existing spawnHandlers for prefab 'ValidPrefabForClientScene' with assetId '33169286-da03-13d4-5ab5-bfccc6cf3775'
]]></output>
                </test-case>
              </test-suite>
              <test-suite type="ParameterizedMethod" id="2703" name="WarningForNetworkIdentityInChildren" fullname="Mirror.Tests.ClientSceneTests.ClientSceneTests_RegisterPrefab.WarningForNetworkIdentityInChildren" classname="Mirror.Tests.ClientSceneTests.ClientSceneTests_RegisterPrefab" runstate="Runnable" testcasecount="3" result="Passed" start-time="2020-07-30 17:12:18Z" end-time="2020-07-30 17:12:19Z" duration="0.692959" total="3" passed="3" failed="0" inconclusive="0" skipped="0" asserts="0">
                <properties />
                <test-case id="2700" name="WarningForNetworkIdentityInChildren(Prefab)" fullname="Mirror.Tests.ClientSceneTests.ClientSceneTests_RegisterPrefab.WarningForNetworkIdentityInChildren(Prefab)" methodname="WarningForNetworkIdentityInChildren" classname="Mirror.Tests.ClientSceneTests.ClientSceneTests_RegisterPrefab" runstate="Runnable" seed="2031874949" result="Passed" start-time="2020-07-30 17:12:19Z" end-time="2020-07-30 17:12:19Z" duration="0.198724" asserts="0">
                  <properties />
                  <output><![CDATA[Prefab 'PrefabWithChildrenForClientScene' has multiple NetworkIdentity components. There should only be one NetworkIdentity on a prefab, and it must be on the root object.
]]></output>
                </test-case>
                <test-case id="2701" name="WarningForNetworkIdentityInChildren(Prefab_SpawnDelegate)" fullname="Mirror.Tests.ClientSceneTests.ClientSceneTests_RegisterPrefab.WarningForNetworkIdentityInChildren(Prefab_SpawnDelegate)" methodname="WarningForNetworkIdentityInChildren" classname="Mirror.Tests.ClientSceneTests.ClientSceneTests_RegisterPrefab" runstate="Runnable" seed="1970116007" result="Passed" start-time="2020-07-30 17:12:19Z" end-time="2020-07-30 17:12:19Z" duration="0.198136" asserts="0">
                  <properties />
                  <output><![CDATA[Prefab 'PrefabWithChildrenForClientScene' has multiple NetworkIdentity components. There should only be one NetworkIdentity on a prefab, and it must be on the root object.
]]></output>
                </test-case>
                <test-case id="2702" name="WarningForNetworkIdentityInChildren(Prefab_SpawnHandlerDelegate)" fullname="Mirror.Tests.ClientSceneTests.ClientSceneTests_RegisterPrefab.WarningForNetworkIdentityInChildren(Prefab_SpawnHandlerDelegate)" methodname="WarningForNetworkIdentityInChildren" classname="Mirror.Tests.ClientSceneTests.ClientSceneTests_RegisterPrefab" runstate="Runnable" seed="680126042" result="Passed" start-time="2020-07-30 17:12:19Z" end-time="2020-07-30 17:12:19Z" duration="0.198910" asserts="0">
                  <properties />
                  <output><![CDATA[Prefab 'PrefabWithChildrenForClientScene' has multiple NetworkIdentity components. There should only be one NetworkIdentity on a prefab, and it must be on the root object.
]]></output>
                </test-case>
              </test-suite>
            </test-suite>
            <test-suite type="TestFixture" id="2741" name="ClientSceneTests_RegisterSpawnHandler" fullname="Mirror.Tests.ClientSceneTests.ClientSceneTests_RegisterSpawnHandler" classname="Mirror.Tests.ClientSceneTests.ClientSceneTests_RegisterSpawnHandler" runstate="Runnable" testcasecount="15" result="Passed" start-time="2020-07-30 17:12:19Z" end-time="2020-07-30 17:12:22Z" duration="3.033848" total="15" passed="15" failed="0" inconclusive="0" skipped="0" asserts="0">
              <properties />
              <test-case id="2742" name="SpawnDelegate_AddsHandlerToSpawnHandlers" fullname="Mirror.Tests.ClientSceneTests.ClientSceneTests_RegisterSpawnHandler.SpawnDelegate_AddsHandlerToSpawnHandlers" methodname="SpawnDelegate_AddsHandlerToSpawnHandlers" classname="Mirror.Tests.ClientSceneTests.ClientSceneTests_RegisterSpawnHandler" runstate="Runnable" seed="1003628424" result="Passed" start-time="2020-07-30 17:12:19Z" end-time="2020-07-30 17:12:19Z" duration="0.199927" asserts="0">
                <properties />
              </test-case>
              <test-case id="2743" name="SpawnDelegate_AddsHandlerToSpawnHandlersWithCorrectArguments" fullname="Mirror.Tests.ClientSceneTests.ClientSceneTests_RegisterSpawnHandler.SpawnDelegate_AddsHandlerToSpawnHandlersWithCorrectArguments" methodname="SpawnDelegate_AddsHandlerToSpawnHandlersWithCorrectArguments" classname="Mirror.Tests.ClientSceneTests.ClientSceneTests_RegisterSpawnHandler" runstate="Runnable" seed="327289809" result="Passed" start-time="2020-07-30 17:12:19Z" end-time="2020-07-30 17:12:20Z" duration="0.197536" asserts="0">
                <properties />
              </test-case>
              <test-case id="2744" name="SpawnDelegate_AddsHandlerToUnSpawnHandlers" fullname="Mirror.Tests.ClientSceneTests.ClientSceneTests_RegisterSpawnHandler.SpawnDelegate_AddsHandlerToUnSpawnHandlers" methodname="SpawnDelegate_AddsHandlerToUnSpawnHandlers" classname="Mirror.Tests.ClientSceneTests.ClientSceneTests_RegisterSpawnHandler" runstate="Runnable" seed="927175585" result="Passed" start-time="2020-07-30 17:12:20Z" end-time="2020-07-30 17:12:20Z" duration="0.197311" asserts="0">
                <properties />
              </test-case>
              <test-case id="2747" name="SpawnDelegate_ErrorWhenAssetIdIsEmpty" fullname="Mirror.Tests.ClientSceneTests.ClientSceneTests_RegisterSpawnHandler.SpawnDelegate_ErrorWhenAssetIdIsEmpty" methodname="SpawnDelegate_ErrorWhenAssetIdIsEmpty" classname="Mirror.Tests.ClientSceneTests.ClientSceneTests_RegisterSpawnHandler" runstate="Runnable" seed="325748496" result="Passed" start-time="2020-07-30 17:12:20Z" end-time="2020-07-30 17:12:20Z" duration="0.198658" asserts="0">
                <properties />
                <output><![CDATA[Can not Register SpawnHandler for empty Guid
]]></output>
              </test-case>
              <test-case id="2749" name="SpawnDelegate_ErrorWhenHandlerForGuidAlreadyExistsInPrefabDictionary" fullname="Mirror.Tests.ClientSceneTests.ClientSceneTests_RegisterSpawnHandler.SpawnDelegate_ErrorWhenHandlerForGuidAlreadyExistsInPrefabDictionary" methodname="SpawnDelegate_ErrorWhenHandlerForGuidAlreadyExistsInPrefabDictionary" classname="Mirror.Tests.ClientSceneTests.ClientSceneTests_RegisterSpawnHandler" runstate="Runnable" seed="1799814042" result="Passed" start-time="2020-07-30 17:12:20Z" end-time="2020-07-30 17:12:20Z" duration="0.198051" asserts="0">
                <properties />
                <output><![CDATA[assetId '60779258-5390-4c86-b48b-53012e4c8d30' is already used by prefab 'ValidPrefabForClientScene'
]]></output>
              </test-case>
              <test-case id="2745" name="SpawnDelegate_ErrorWhenSpawnHandlerIsNull" fullname="Mirror.Tests.ClientSceneTests.ClientSceneTests_RegisterSpawnHandler.SpawnDelegate_ErrorWhenSpawnHandlerIsNull" methodname="SpawnDelegate_ErrorWhenSpawnHandlerIsNull" classname="Mirror.Tests.ClientSceneTests.ClientSceneTests_RegisterSpawnHandler" runstate="Runnable" seed="886754020" result="Passed" start-time="2020-07-30 17:12:20Z" end-time="2020-07-30 17:12:20Z" duration="0.197596" asserts="0">
                <properties />
                <output><![CDATA[Can not Register null SpawnHandler for feb81901-701e-4bc9-b1d8-cb5a8781bcfc
]]></output>
              </test-case>
              <test-case id="2746" name="SpawnDelegate_ErrorWhenUnSpawnHandlerIsNull" fullname="Mirror.Tests.ClientSceneTests.ClientSceneTests_RegisterSpawnHandler.SpawnDelegate_ErrorWhenUnSpawnHandlerIsNull" methodname="SpawnDelegate_ErrorWhenUnSpawnHandlerIsNull" classname="Mirror.Tests.ClientSceneTests.ClientSceneTests_RegisterSpawnHandler" runstate="Runnable" seed="2114666104" result="Passed" start-time="2020-07-30 17:12:20Z" end-time="2020-07-30 17:12:21Z" duration="0.197644" asserts="0">
                <properties />
                <output><![CDATA[Can not Register null UnSpawnHandler for ad72708e-b0d7-4805-8bcf-21f87f6d0a73
]]></output>
              </test-case>
              <test-case id="2748" name="SpawnDelegate_WarningWhenHandlerForGuidAlreadyExistsInHandlerDictionary" fullname="Mirror.Tests.ClientSceneTests.ClientSceneTests_RegisterSpawnHandler.SpawnDelegate_WarningWhenHandlerForGuidAlreadyExistsInHandlerDictionary" methodname="SpawnDelegate_WarningWhenHandlerForGuidAlreadyExistsInHandlerDictionary" classname="Mirror.Tests.ClientSceneTests.ClientSceneTests_RegisterSpawnHandler" runstate="Runnable" seed="906148234" result="Passed" start-time="2020-07-30 17:12:21Z" end-time="2020-07-30 17:12:21Z" duration="0.198025" asserts="0">
                <properties />
                <output><![CDATA[Replacing existing spawnHandlers for 3d15e116-b176-4f77-8af7-c14b509af27e
]]></output>
              </test-case>
              <test-case id="2750" name="SpawnHandlerDelegate_AddsHandlerToSpawnHandlers" fullname="Mirror.Tests.ClientSceneTests.ClientSceneTests_RegisterSpawnHandler.SpawnHandlerDelegate_AddsHandlerToSpawnHandlers" methodname="SpawnHandlerDelegate_AddsHandlerToSpawnHandlers" classname="Mirror.Tests.ClientSceneTests.ClientSceneTests_RegisterSpawnHandler" runstate="Runnable" seed="1000686430" result="Passed" start-time="2020-07-30 17:12:21Z" end-time="2020-07-30 17:12:21Z" duration="0.198206" asserts="0">
                <properties />
              </test-case>
              <test-case id="2751" name="SpawnHandlerDelegate_AddsHandlerToUnSpawnHandlers" fullname="Mirror.Tests.ClientSceneTests.ClientSceneTests_RegisterSpawnHandler.SpawnHandlerDelegate_AddsHandlerToUnSpawnHandlers" methodname="SpawnHandlerDelegate_AddsHandlerToUnSpawnHandlers" classname="Mirror.Tests.ClientSceneTests.ClientSceneTests_RegisterSpawnHandler" runstate="Runnable" seed="541875075" result="Passed" start-time="2020-07-30 17:12:21Z" end-time="2020-07-30 17:12:21Z" duration="0.199046" asserts="0">
                <properties />
              </test-case>
              <test-case id="2754" name="SpawnHandlerDelegate_ErrorWhenAssetIdIsEmpty" fullname="Mirror.Tests.ClientSceneTests.ClientSceneTests_RegisterSpawnHandler.SpawnHandlerDelegate_ErrorWhenAssetIdIsEmpty" methodname="SpawnHandlerDelegate_ErrorWhenAssetIdIsEmpty" classname="Mirror.Tests.ClientSceneTests.ClientSceneTests_RegisterSpawnHandler" runstate="Runnable" seed="1311326955" result="Passed" start-time="2020-07-30 17:12:21Z" end-time="2020-07-30 17:12:21Z" duration="0.197309" asserts="0">
                <properties />
                <output><![CDATA[Can not Register SpawnHandler for empty Guid
]]></output>
              </test-case>
              <test-case id="2756" name="SpawnHandlerDelegate_ErrorWhenHandlerForGuidAlreadyExistsInPrefabDictionary" fullname="Mirror.Tests.ClientSceneTests.ClientSceneTests_RegisterSpawnHandler.SpawnHandlerDelegate_ErrorWhenHandlerForGuidAlreadyExistsInPrefabDictionary" methodname="SpawnHandlerDelegate_ErrorWhenHandlerForGuidAlreadyExistsInPrefabDictionary" classname="Mirror.Tests.ClientSceneTests.ClientSceneTests_RegisterSpawnHandler" runstate="Runnable" seed="372094921" result="Passed" start-time="2020-07-30 17:12:21Z" end-time="2020-07-30 17:12:22Z" duration="0.198394" asserts="0">
                <properties />
                <output><![CDATA[assetId '435bb872-75c7-42a3-8216-d024cfca9b2f' is already used by prefab 'ValidPrefabForClientScene'
]]></output>
              </test-case>
              <test-case id="2752" name="SpawnHandlerDelegate_ErrorWhenSpawnHandlerIsNull" fullname="Mirror.Tests.ClientSceneTests.ClientSceneTests_RegisterSpawnHandler.SpawnHandlerDelegate_ErrorWhenSpawnHandlerIsNull" methodname="SpawnHandlerDelegate_ErrorWhenSpawnHandlerIsNull" classname="Mirror.Tests.ClientSceneTests.ClientSceneTests_RegisterSpawnHandler" runstate="Runnable" seed="931106909" result="Passed" start-time="2020-07-30 17:12:22Z" end-time="2020-07-30 17:12:22Z" duration="0.198816" asserts="0">
                <properties />
                <output><![CDATA[Can not Register null SpawnHandler for f3193093-fcb2-497f-8aca-af512d8ef47b
]]></output>
              </test-case>
              <test-case id="2753" name="SpawnHandlerDelegate_ErrorWhenUnSpawnHandlerIsNull" fullname="Mirror.Tests.ClientSceneTests.ClientSceneTests_RegisterSpawnHandler.SpawnHandlerDelegate_ErrorWhenUnSpawnHandlerIsNull" methodname="SpawnHandlerDelegate_ErrorWhenUnSpawnHandlerIsNull" classname="Mirror.Tests.ClientSceneTests.ClientSceneTests_RegisterSpawnHandler" runstate="Runnable" seed="84639895" result="Passed" start-time="2020-07-30 17:12:22Z" end-time="2020-07-30 17:12:22Z" duration="0.197466" asserts="0">
                <properties />
                <output><![CDATA[Can not Register null UnSpawnHandler for 22f99ac3-4543-4b59-b37a-3656cd940188
]]></output>
              </test-case>
              <test-case id="2755" name="SpawnHandlerDelegate_WarningWhenHandlerForGuidAlreadyExistsInHandlerDictionary" fullname="Mirror.Tests.ClientSceneTests.ClientSceneTests_RegisterSpawnHandler.SpawnHandlerDelegate_WarningWhenHandlerForGuidAlreadyExistsInHandlerDictionary" methodname="SpawnHandlerDelegate_WarningWhenHandlerForGuidAlreadyExistsInHandlerDictionary" classname="Mirror.Tests.ClientSceneTests.ClientSceneTests_RegisterSpawnHandler" runstate="Runnable" seed="647372555" result="Passed" start-time="2020-07-30 17:12:22Z" end-time="2020-07-30 17:12:22Z" duration="0.198616" asserts="0">
                <properties />
                <output><![CDATA[Replacing existing spawnHandlers for d9f8446a-7ab0-47c2-a738-b0946cd30f6d
]]></output>
              </test-case>
            </test-suite>
            <test-suite type="TestFixture" id="2757" name="ClientSceneTests_UnregisterPrefab" fullname="Mirror.Tests.ClientSceneTests.ClientSceneTests_UnregisterPrefab" classname="Mirror.Tests.ClientSceneTests.ClientSceneTests_UnregisterPrefab" runstate="Runnable" testcasecount="5" result="Passed" start-time="2020-07-30 17:12:22Z" end-time="2020-07-30 17:12:23Z" duration="1.083814" total="5" passed="5" failed="0" inconclusive="0" skipped="0" asserts="0">
              <properties />
              <test-case id="2762" name="ErrorWhenPrefabHasNoNetworkIdentity" fullname="Mirror.Tests.ClientSceneTests.ClientSceneTests_UnregisterPrefab.ErrorWhenPrefabHasNoNetworkIdentity" methodname="ErrorWhenPrefabHasNoNetworkIdentity" classname="Mirror.Tests.ClientSceneTests.ClientSceneTests_UnregisterPrefab" runstate="Runnable" seed="886198925" result="Passed" start-time="2020-07-30 17:12:22Z" end-time="2020-07-30 17:12:23Z" duration="0.199732" asserts="0">
                <properties />
                <output><![CDATA[Could not unregister 'invalidPrefabForClientScene' since it contains no NetworkIdentity component
]]></output>
              </test-case>
              <test-case id="2761" name="ErrorWhenPrefabIsNull" fullname="Mirror.Tests.ClientSceneTests.ClientSceneTests_UnregisterPrefab.ErrorWhenPrefabIsNull" methodname="ErrorWhenPrefabIsNull" classname="Mirror.Tests.ClientSceneTests.ClientSceneTests_UnregisterPrefab" runstate="Runnable" seed="763409928" result="Passed" start-time="2020-07-30 17:12:23Z" end-time="2020-07-30 17:12:23Z" duration="0.197351" asserts="0">
                <properties />
                <output><![CDATA[Could not unregister prefab because it was null
]]></output>
              </test-case>
[...]
              <test-case id="2121" name="SyncVarsCantBeArray" fullname="Mirror.Weaver.Tests.WeaverSyncVarTests.SyncVarsCantBeArray" methodname="SyncVarsCantBeArray" classname="Mirror.Weaver.Tests.WeaverSyncVarTests" runstate="Runnable" seed="289379773" result="Passed" start-time="2020-07-30 17:15:54Z" end-time="2020-07-30 17:15:55Z" duration="0.766458" asserts="0">
                <properties />
              </test-case>
              <test-case id="2116" name="SyncVarsDerivedNetworkBehaviour" fullname="Mirror.Weaver.Tests.WeaverSyncVarTests.SyncVarsDerivedNetworkBehaviour" methodname="SyncVarsDerivedNetworkBehaviour" classname="Mirror.Weaver.Tests.WeaverSyncVarTests" runstate="Runnable" seed="2750951" result="Passed" start-time="2020-07-30 17:15:55Z" end-time="2020-07-30 17:15:56Z" duration="0.798216" asserts="0">
                <properties />
              </test-case>
              <test-case id="2120" name="SyncVarsDifferentModule" fullname="Mirror.Weaver.Tests.WeaverSyncVarTests.SyncVarsDifferentModule" methodname="SyncVarsDifferentModule" classname="Mirror.Weaver.Tests.WeaverSyncVarTests" runstate="Runnable" seed="1084518568" result="Passed" start-time="2020-07-30 17:15:56Z" end-time="2020-07-30 17:15:57Z" duration="0.798206" asserts="0">
                <properties />
              </test-case>
              <test-case id="2118" name="SyncVarsGenericParam" fullname="Mirror.Weaver.Tests.WeaverSyncVarTests.SyncVarsGenericParam" methodname="SyncVarsGenericParam" classname="Mirror.Weaver.Tests.WeaverSyncVarTests" runstate="Runnable" seed="1047391885" result="Passed" start-time="2020-07-30 17:15:57Z" end-time="2020-07-30 17:15:57Z" duration="0.799020" asserts="0">
                <properties />
              </test-case>
              <test-case id="2119" name="SyncVarsInterface" fullname="Mirror.Weaver.Tests.WeaverSyncVarTests.SyncVarsInterface" methodname="SyncVarsInterface" classname="Mirror.Weaver.Tests.WeaverSyncVarTests" runstate="Runnable" seed="1639424017" result="Passed" start-time="2020-07-30 17:15:57Z" end-time="2020-07-30 17:15:58Z" duration="0.797958" asserts="0">
                <properties />
              </test-case>
              <test-case id="2123" name="SyncVarsMoreThan63" fullname="Mirror.Weaver.Tests.WeaverSyncVarTests.SyncVarsMoreThan63" methodname="SyncVarsMoreThan63" classname="Mirror.Weaver.Tests.WeaverSyncVarTests" runstate="Runnable" seed="1326646929" result="Passed" start-time="2020-07-30 17:15:58Z" end-time="2020-07-30 17:15:59Z" duration="0.798481" asserts="0">
                <properties />
              </test-case>
              <test-case id="2117" name="SyncVarsStatic" fullname="Mirror.Weaver.Tests.WeaverSyncVarTests.SyncVarsStatic" methodname="SyncVarsStatic" classname="Mirror.Weaver.Tests.WeaverSyncVarTests" runstate="Runnable" seed="1571392765" result="Passed" start-time="2020-07-30 17:15:59Z" end-time="2020-07-30 17:16:00Z" duration="0.697970" asserts="0">
                <properties />
              </test-case>
              <test-case id="2122" name="SyncVarsSyncList" fullname="Mirror.Weaver.Tests.WeaverSyncVarTests.SyncVarsSyncList" methodname="SyncVarsSyncList" classname="Mirror.Weaver.Tests.WeaverSyncVarTests" runstate="Runnable" seed="632654096" result="Passed" start-time="2020-07-30 17:16:00Z" end-time="2020-07-30 17:16:00Z" duration="0.798376" asserts="0">
                <properties />
              </test-case>
              <test-case id="2115" name="SyncVarsValid" fullname="Mirror.Weaver.Tests.WeaverSyncVarTests.SyncVarsValid" methodname="SyncVarsValid" classname="Mirror.Weaver.Tests.WeaverSyncVarTests" runstate="Runnable" seed="1566511080" result="Passed" start-time="2020-07-30 17:16:01Z" end-time="2020-07-30 17:16:01Z" duration="0.798006" asserts="0">
                <properties />
              </test-case>
            </test-suite>
            <test-suite type="TestFixture" id="2124" name="WeaverTargetRpcTests" fullname="Mirror.Weaver.Tests.WeaverTargetRpcTests" classname="Mirror.Weaver.Tests.WeaverTargetRpcTests" runstate="Runnable" testcasecount="9" result="Passed" start-time="2020-07-30 17:16:01Z" end-time="2020-07-30 17:16:09Z" duration="7.294547" total="9" passed="9" failed="0" inconclusive="0" skipped="0" asserts="0">
              <properties>
                <property name="Category" value="Weaver" />
              </properties>
              <test-case id="2132" name="AbstractTargetRpc" fullname="Mirror.Weaver.Tests.WeaverTargetRpcTests.AbstractTargetRpc" methodname="AbstractTargetRpc" classname="Mirror.Weaver.Tests.WeaverTargetRpcTests" runstate="Runnable" seed="75152617" result="Passed" start-time="2020-07-30 17:16:02Z" end-time="2020-07-30 17:16:02Z" duration="0.663147" asserts="0">
                <properties />
              </test-case>
              <test-case id="2129" name="ErrorWhenNetworkConnectionIsNotTheFirstParameter" fullname="Mirror.Weaver.Tests.WeaverTargetRpcTests.ErrorWhenNetworkConnectionIsNotTheFirstParameter" methodname="ErrorWhenNetworkConnectionIsNotTheFirstParameter" classname="Mirror.Weaver.Tests.WeaverTargetRpcTests" runstate="Runnable" seed="1200567756" result="Passed" start-time="2020-07-30 17:16:02Z" end-time="2020-07-30 17:16:03Z" duration="0.697985" asserts="0">
                <properties />
              </test-case>
              <test-case id="2126" name="ErrorWhenTargetRpcIsStatic" fullname="Mirror.Weaver.Tests.WeaverTargetRpcTests.ErrorWhenTargetRpcIsStatic" methodname="ErrorWhenTargetRpcIsStatic" classname="Mirror.Weaver.Tests.WeaverTargetRpcTests" runstate="Runnable" seed="726383099" result="Passed" start-time="2020-07-30 17:16:03Z" end-time="2020-07-30 17:16:04Z" duration="0.797568" asserts="0">
                <properties />
              </test-case>
              <test-case id="2133" name="OverrideAbstractTargetRpc" fullname="Mirror.Weaver.Tests.WeaverTargetRpcTests.OverrideAbstractTargetRpc" methodname="OverrideAbstractTargetRpc" classname="Mirror.Weaver.Tests.WeaverTargetRpcTests" runstate="Runnable" seed="885826122" result="Passed" start-time="2020-07-30 17:16:04Z" end-time="2020-07-30 17:16:05Z" duration="0.798100" asserts="0">
                <properties />
              </test-case>
              <test-case id="2131" name="OverrideVirtualTargetRpc" fullname="Mirror.Weaver.Tests.WeaverTargetRpcTests.OverrideVirtualTargetRpc" methodname="OverrideVirtualTargetRpc" classname="Mirror.Weaver.Tests.WeaverTargetRpcTests" runstate="Runnable" seed="1093421279" result="Passed" start-time="2020-07-30 17:16:05Z" end-time="2020-07-30 17:16:05Z" duration="0.799698" asserts="0">
                <properties />
              </test-case>
              <test-case id="2128" name="TargetRpcCanHaveOtherParametersWhileSkipingNetworkConnection" fullname="Mirror.Weaver.Tests.WeaverTargetRpcTests.TargetRpcCanHaveOtherParametersWhileSkipingNetworkConnection" methodname="TargetRpcCanHaveOtherParametersWhileSkipingNetworkConnection" classname="Mirror.Weaver.Tests.WeaverTargetRpcTests" runstate="Runnable" seed="976185273" result="Passed" start-time="2020-07-30 17:16:05Z" end-time="2020-07-30 17:16:06Z" duration="0.797582" asserts="0">
                <properties />
              </test-case>
              <test-case id="2127" name="TargetRpcCanSkipNetworkConnection" fullname="Mirror.Weaver.Tests.WeaverTargetRpcTests.TargetRpcCanSkipNetworkConnection" methodname="TargetRpcCanSkipNetworkConnection" classname="Mirror.Weaver.Tests.WeaverTargetRpcTests" runstate="Runnable" seed="282559676" result="Passed" start-time="2020-07-30 17:16:06Z" end-time="2020-07-30 17:16:07Z" duration="0.798305" asserts="0">
                <properties />
              </test-case>
              <test-case id="2125" name="TargetRpcValid" fullname="Mirror.Weaver.Tests.WeaverTargetRpcTests.TargetRpcValid" methodname="TargetRpcValid" classname="Mirror.Weaver.Tests.WeaverTargetRpcTests" runstate="Runnable" seed="1040334922" result="Passed" start-time="2020-07-30 17:16:07Z" end-time="2020-07-30 17:16:08Z" duration="0.798975" asserts="0">
                <properties />
              </test-case>
              <test-case id="2130" name="VirtualTargetRpc" fullname="Mirror.Weaver.Tests.WeaverTargetRpcTests.VirtualTargetRpc" methodname="VirtualTargetRpc" classname="Mirror.Weaver.Tests.WeaverTargetRpcTests" runstate="Runnable" seed="35277237" result="Passed" start-time="2020-07-30 17:16:08Z" end-time="2020-07-30 17:16:09Z" duration="0.799107" asserts="0">
                <properties />
              </test-case>
            </test-suite>
          </test-suite>
        </test-suite>
      </test-suite>
      <test-suite type="TestSuite" id="2802" name="Telepathy" fullname="Telepathy" runstate="Runnable" testcasecount="17" result="Skipped" label="Ignored" start-time="2020-07-30 17:16:09Z" end-time="2020-07-30 17:16:10Z" duration="0.207273" total="17" passed="0" failed="0" inconclusive="0" skipped="17" asserts="0">
        <properties />
        <reason>
          <message><![CDATA[One or more child tests were ignored]]></message>
        </reason>
        <test-suite type="TestSuite" id="2803" name="Tests" fullname="Telepathy.Tests" runstate="Runnable" testcasecount="17" result="Skipped" label="Ignored" start-time="2020-07-30 17:16:09Z" end-time="2020-07-30 17:16:10Z" duration="0.130891" total="17" passed="0" failed="0" inconclusive="0" skipped="17" asserts="0">
          <properties />
          <reason>
            <message><![CDATA[One or more child tests were ignored]]></message>
          </reason>
          <test-suite type="TestFixture" id="1924" name="TransportTest" fullname="Telepathy.Tests.TransportTest" classname="Telepathy.Tests.TransportTest" runstate="Ignored" testcasecount="17" result="Skipped" label="Ignored" site="SetUp" start-time="2020-07-30 17:16:10Z" end-time="2020-07-30 17:16:10Z" duration="0.021154" total="17" passed="0" failed="0" inconclusive="0" skipped="17" asserts="0">
            <properties>
              <property name="Category" value="Telepathy" />
              <property name="_SKIPREASON" value="Telepathy tests are flaky" />
            </properties>
            <reason>
              <message><![CDATA[Telepathy tests are flaky]]></message>
            </reason>
            <test-case id="1937" name="AllocationAttackTest" fullname="Telepathy.Tests.TransportTest.AllocationAttackTest" methodname="AllocationAttackTest" classname="Telepathy.Tests.TransportTest" runstate="Runnable" seed="1266342184" result="Skipped" label="Ignored" site="Parent" start-time="0001-01-01 00:00:00Z" end-time="0001-01-01 00:00:00Z" duration="0.000000" asserts="0">
              <properties />
              <reason>
                <message><![CDATA[OneTimeSetUp: Telepathy tests are flaky]]></message>
              </reason>
            </test-case>
            <test-case id="1931" name="ClientKickedCleanupTest" fullname="Telepathy.Tests.TransportTest.ClientKickedCleanupTest" methodname="ClientKickedCleanupTest" classname="Telepathy.Tests.TransportTest" runstate="Runnable" seed="16385672" result="Skipped" label="Ignored" site="Parent" start-time="0001-01-01 00:00:00Z" end-time="0001-01-01 00:00:00Z" duration="0.000000" asserts="0">
              <properties />
              <reason>
                <message><![CDATA[OneTimeSetUp: Telepathy tests are flaky]]></message>
              </reason>
            </test-case>
            <test-case id="1929" name="ClientTest" fullname="Telepathy.Tests.TransportTest.ClientTest" methodname="ClientTest" classname="Telepathy.Tests.TransportTest" runstate="Runnable" seed="1068932455" result="Skipped" label="Ignored" site="Parent" start-time="0001-01-01 00:00:00Z" end-time="0001-01-01 00:00:00Z" duration="0.000000" asserts="0">
              <properties />
              <reason>
                <message><![CDATA[OneTimeSetUp: Telepathy tests are flaky]]></message>
              </reason>
            </test-case>
            <test-case id="1934" name="ConnectIPv4Test" fullname="Telepathy.Tests.TransportTest.ConnectIPv4Test" methodname="ConnectIPv4Test" classname="Telepathy.Tests.TransportTest" runstate="Runnable" seed="1889882299" result="Skipped" label="Ignored" site="Parent" start-time="0001-01-01 00:00:00Z" end-time="0001-01-01 00:00:00Z" duration="0.000000" asserts="0">
              <properties />
              <reason>
                <message><![CDATA[OneTimeSetUp: Telepathy tests are flaky]]></message>
              </reason>
            </test-case>
            <test-case id="1935" name="ConnectIPv6Test" fullname="Telepathy.Tests.TransportTest.ConnectIPv6Test" methodname="ConnectIPv6Test" classname="Telepathy.Tests.TransportTest" runstate="Runnable" seed="2137543024" result="Skipped" label="Ignored" site="Parent" start-time="0001-01-01 00:00:00Z" end-time="0001-01-01 00:00:00Z" duration="0.000000" asserts="0">
              <properties />
              <reason>
                <message><![CDATA[OneTimeSetUp: Telepathy tests are flaky]]></message>
              </reason>
            </test-case>
            <test-case id="1926" name="DisconnectImmediateTest" fullname="Telepathy.Tests.TransportTest.DisconnectImmediateTest" methodname="DisconnectImmediateTest" classname="Telepathy.Tests.TransportTest" runstate="Runnable" seed="533923427" result="Skipped" label="Ignored" site="Parent" start-time="0001-01-01 00:00:00Z" end-time="0001-01-01 00:00:00Z" duration="0.000000" asserts="0">
              <properties />
              <reason>
                <message><![CDATA[OneTimeSetUp: Telepathy tests are flaky]]></message>
              </reason>
            </test-case>
            <test-case id="1932" name="GetConnectionInfoTest" fullname="Telepathy.Tests.TransportTest.GetConnectionInfoTest" methodname="GetConnectionInfoTest" classname="Telepathy.Tests.TransportTest" runstate="Runnable" seed="184460752" result="Skipped" label="Ignored" site="Parent" start-time="0001-01-01 00:00:00Z" end-time="0001-01-01 00:00:00Z" duration="0.000000" asserts="0">
              <properties />
              <reason>
                <message><![CDATA[OneTimeSetUp: Telepathy tests are flaky]]></message>
              </reason>
            </test-case>
            <test-case id="1941" name="IntToBytesBigNonAllocTest" fullname="Telepathy.Tests.TransportTest.IntToBytesBigNonAllocTest" methodname="IntToBytesBigNonAllocTest" classname="Telepathy.Tests.TransportTest" runstate="Runnable" seed="491002827" result="Skipped" label="Ignored" site="Parent" start-time="0001-01-01 00:00:00Z" end-time="0001-01-01 00:00:00Z" duration="0.000000" asserts="0">
              <properties />
              <reason>
                <message><![CDATA[OneTimeSetUp: Telepathy tests are flaky]]></message>
              </reason>
            </test-case>
            <test-case id="1940" name="IntToBytesBigTest" fullname="Telepathy.Tests.TransportTest.IntToBytesBigTest" methodname="IntToBytesBigTest" classname="Telepathy.Tests.TransportTest" runstate="Runnable" seed="711406539" result="Skipped" label="Ignored" site="Parent" start-time="0001-01-01 00:00:00Z" end-time="0001-01-01 00:00:00Z" duration="0.000000" asserts="0">
              <properties />
              <reason>
                <message><![CDATA[OneTimeSetUp: Telepathy tests are flaky]]></message>
              </reason>
            </test-case>
            <test-case id="1936" name="LargeMessageTest" fullname="Telepathy.Tests.TransportTest.LargeMessageTest" methodname="LargeMessageTest" classname="Telepathy.Tests.TransportTest" runstate="Runnable" seed="497635304" result="Skipped" label="Ignored" site="Parent" start-time="0001-01-01 00:00:00Z" end-time="0001-01-01 00:00:00Z" duration="0.000000" asserts="0">
              <properties />
              <reason>
                <message><![CDATA[OneTimeSetUp: Telepathy tests are flaky]]></message>
              </reason>
            </test-case>
            <test-case id="1925" name="NextConnectionIdTest" fullname="Telepathy.Tests.TransportTest.NextConnectionIdTest" methodname="NextConnectionIdTest" classname="Telepathy.Tests.TransportTest" runstate="Runnable" seed="254428407" result="Skipped" label="Ignored" site="Parent" start-time="0001-01-01 00:00:00Z" end-time="0001-01-01 00:00:00Z" duration="0.000000" asserts="0">
              <properties />
              <reason>
                <message><![CDATA[OneTimeSetUp: Telepathy tests are flaky]]></message>
              </reason>
            </test-case>
            <test-case id="1933" name="ParseLocalHostTest" fullname="Telepathy.Tests.TransportTest.ParseLocalHostTest" methodname="ParseLocalHostTest" classname="Telepathy.Tests.TransportTest" runstate="Runnable" seed="1949533996" result="Skipped" label="Ignored" site="Parent" start-time="0001-01-01 00:00:00Z" end-time="0001-01-01 00:00:00Z" duration="0.000000" asserts="0">
              <properties />
              <reason>
                <message><![CDATA[OneTimeSetUp: Telepathy tests are flaky]]></message>
              </reason>
            </test-case>
            <test-case id="1930" name="ServerDisconnectClientTest" fullname="Telepathy.Tests.TransportTest.ServerDisconnectClientTest" methodname="ServerDisconnectClientTest" classname="Telepathy.Tests.TransportTest" runstate="Runnable" seed="1895384000" result="Skipped" label="Ignored" site="Parent" start-time="0001-01-01 00:00:00Z" end-time="0001-01-01 00:00:00Z" duration="0.000000" asserts="0">
              <properties />
              <reason>
                <message><![CDATA[OneTimeSetUp: Telepathy tests are flaky]]></message>
              </reason>
            </test-case>
            <test-case id="1939" name="ServerStartStopRepeatedTest" fullname="Telepathy.Tests.TransportTest.ServerStartStopRepeatedTest" methodname="ServerStartStopRepeatedTest" classname="Telepathy.Tests.TransportTest" runstate="Runnable" seed="2106867951" result="Skipped" label="Ignored" site="Parent" start-time="0001-01-01 00:00:00Z" end-time="0001-01-01 00:00:00Z" duration="0.000000" asserts="0">
              <properties />
              <reason>
                <message><![CDATA[OneTimeSetUp: Telepathy tests are flaky]]></message>
              </reason>
            </test-case>
            <test-case id="1938" name="ServerStartStopTest" fullname="Telepathy.Tests.TransportTest.ServerStartStopTest" methodname="ServerStartStopTest" classname="Telepathy.Tests.TransportTest" runstate="Runnable" seed="559777624" result="Skipped" label="Ignored" site="Parent" start-time="0001-01-01 00:00:00Z" end-time="0001-01-01 00:00:00Z" duration="0.000000" asserts="0">
              <properties />
              <reason>
                <message><![CDATA[OneTimeSetUp: Telepathy tests are flaky]]></message>
              </reason>
            </test-case>
            <test-case id="1928" name="ServerTest" fullname="Telepathy.Tests.TransportTest.ServerTest" methodname="ServerTest" classname="Telepathy.Tests.TransportTest" runstate="Runnable" seed="621628107" result="Skipped" label="Ignored" site="Parent" start-time="0001-01-01 00:00:00Z" end-time="0001-01-01 00:00:00Z" duration="0.000000" asserts="0">
              <properties />
              <reason>
                <message><![CDATA[OneTimeSetUp: Telepathy tests are flaky]]></message>
              </reason>
            </test-case>
            <test-case id="1927" name="SpamSendTest" fullname="Telepathy.Tests.TransportTest.SpamSendTest" methodname="SpamSendTest" classname="Telepathy.Tests.TransportTest" runstate="Runnable" seed="655800873" result="Skipped" label="Ignored" site="Parent" start-time="0001-01-01 00:00:00Z" end-time="0001-01-01 00:00:00Z" duration="0.000000" asserts="0">
              <properties />
              <reason>
                <message><![CDATA[OneTimeSetUp: Telepathy tests are flaky]]></message>
              </reason>
            </test-case>
          </test-suite>
        </test-suite>
      </test-suite>
    </test-suite>
  </test-suite>
</test-run>